2019-02-13 12:56:53 +0000  Initial pipeline context: <IDEDistributionProcessingPipelineContext: 0x7fef4b5ed9c0; archive(resolved)='<IDEArchive: 0x7fef5ec84a70>', distributionTask(resolved)='2', distributionMethod(resolved)='<IDEDistributionMethodDevelopmentSigned: 0x7fef60a77660>', team(resolved)='<IDEProvisioningBasicTeam: 0x7fef486056e0; teamID='6V5TTCPVEW', teamName='The Bernstein Firm LLC'>'>
	Chain (11, self inclusive):
	<IDEDistributionProcessingPipelineContext: 0x7fef4b5ed9c0; archive = '<IDEArchive: 0x7fef5ec84a70>', distributionMethod='<IDEDistributionMethodDevelopmentSigned: 0x7fef60a77660>', team='<IDEProvisioningBasicTeam: 0x7fef486056e0; teamID='6V5TTCPVEW', teamName='The Bernstein Firm LLC'>'>
	<IDEDistributionProcessingPipelineContext: 0x7fef4628bb80; archive = '<IDEArchive: 0x7fef5ec84a70>', distributionMethod='<IDEDistributionMethodDevelopmentSigned: 0x7fef60a77660>', team='<IDEProvisioningBasicTeam: 0x7fef486056e0; teamID='6V5TTCPVEW', teamName='The Bernstein Firm LLC'>'>
	<IDEDistributionContext: 0x7fef4b383080; archive = '<IDEArchive: 0x7fef5ec84a70>', distributionMethod='<IDEDistributionMethodDevelopmentSigned: 0x7fef60a77660>', team='<IDEProvisioningBasicTeam: 0x7fef486056e0; teamID='6V5TTCPVEW', teamName='The Bernstein Firm LLC'>'>
	<IDEDistributionContext: 0x7fef4b48fb60; archive = '<IDEArchive: 0x7fef5ec84a70>', distributionMethod='<IDEDistributionMethodDevelopmentSigned: 0x7fef60a77660>', team='<IDEProvisioningBasicTeam: 0x7fef486056e0; teamID='6V5TTCPVEW', teamName='The Bernstein Firm LLC'>'>
	<IDEDistributionContext: 0x7fef47b9c8e0; archive = '<IDEArchive: 0x7fef5ec84a70>', distributionMethod='<IDEDistributionMethodDevelopmentSigned: 0x7fef60a77660>', team='<IDEProvisioningBasicTeam: 0x7fef486056e0; teamID='6V5TTCPVEW', teamName='The Bernstein Firm LLC'>'>
	<IDEDistributionContext: 0x7fef4b85d7b0; archive = '<IDEArchive: 0x7fef5ec84a70>', distributionMethod='<IDEDistributionMethodDevelopmentSigned: 0x7fef60a77660>', team='<IDEProvisioningBasicTeam: 0x7fef486056e0; teamID='6V5TTCPVEW', teamName='The Bernstein Firm LLC'>'>
	<IDEDistributionContext: 0x7fef464dae00; archive = '<IDEArchive: 0x7fef5ec84a70>', distributionMethod='<IDEDistributionMethodDevelopmentSigned: 0x7fef60a77660>', team='<IDEProvisioningBasicTeam: 0x7fef486056e0; teamID='6V5TTCPVEW', teamName='The Bernstein Firm LLC'>'>
	<IDEDistributionContext: 0x7fef464114b0; archive = '<IDEArchive: 0x7fef5ec84a70>', distributionMethod='<IDEDistributionMethodDevelopmentSigned: 0x7fef60a77660>', team='<IDEProvisioningBasicTeam: 0x7fef486056e0; teamID='6V5TTCPVEW', teamName='The Bernstein Firm LLC'>'>
	<IDEDistributionContext: 0x7fef4619bf60; archive = '<IDEArchive: 0x7fef5ec84a70>', distributionMethod='<IDEDistributionMethodDevelopmentSigned: 0x7fef60a77660>', team='<IDEProvisioningBasicTeam: 0x7fef486056e0; teamID='6V5TTCPVEW', teamName='The Bernstein Firm LLC'>'>
	<IDEDistributionContext: 0x7fef4b329750; archive = '<IDEArchive: 0x7fef5ec84a70>', distributionMethod='<IDEDistributionMethodDevelopmentSigned: 0x7fef60a77660>', team='(null)'>
	<IDEDistributionContext: 0x7fef4aa6a5c0; archive = '<IDEArchive: 0x7fef5ec84a70>', distributionMethod='(null)', team='(null)'>
</IDEDistributionProcessingPipelineContext: 0x7fef4b5ed9c0>
2019-02-13 12:56:53 +0000  Processing step: IDEDistributionCreateDestRootStep
2019-02-13 12:56:53 +0000  Processing step: IDEDistributionCopyItemStep
2019-02-13 12:56:53 +0000  Running /usr/bin/ditto '-V' '/Users/infoicon/Library/Developer/Xcode/Archives/2019-02-13/BoxLotPortal 13-02-19, 6.24 PM.xcarchive/Products/Applications/BoxLotPortal.app' '/var/folders/t6/1k5t_cp943392vl2x753nn480000gn/T/XcodeDistPipeline.cVx/Root/Payload/BoxLotPortal.app'
2019-02-13 12:56:53 +0000  >>> Copying /Users/infoicon/Library/Developer/Xcode/Archives/2019-02-13/BoxLotPortal 13-02-19, 6.24 PM.xcarchive/Products/Applications/BoxLotPortal.app 
2019-02-13 12:56:53 +0000  copying file ./_CodeSignature/CodeResources ... 
30383 bytes for ./_CodeSignature/CodeResources
copying file ./AppIcon20x20@2x.png ... 
1400 bytes for ./AppIcon20x20@2x.png
copying file ./AppIcon20x20@3x.png ... 
2019-02-13 12:56:53 +0000  2064 bytes for ./AppIcon20x20@3x.png
copying file ./AppIcon29x29@2x.png ... 
2019-02-13 12:56:53 +0000  1988 bytes for ./AppIcon29x29@2x.png
2019-02-13 12:56:53 +0000  copying file ./AppIcon29x29@3x.png ... 
2019-02-13 12:56:53 +0000  3215 bytes for ./AppIcon29x29@3x.png
2019-02-13 12:56:53 +0000  copying file ./AppIcon40x40@2x.png ... 
2019-02-13 12:56:53 +0000  2972 bytes for ./AppIcon40x40@2x.png
copying file ./AppIcon40x40@3x.png ... 
2019-02-13 12:56:53 +0000  4314 bytes for ./AppIcon40x40@3x.png
copying file ./AppIcon60x60@2x.png ... 
2019-02-13 12:56:53 +0000  4314 bytes for ./AppIcon60x60@2x.png
2019-02-13 12:56:53 +0000  copying file ./AppIcon60x60@3x.png ... 
2019-02-13 12:56:53 +0000  6610 bytes for ./AppIcon60x60@3x.png
2019-02-13 12:56:53 +0000  copying file ./Assets.car ... 
2019-02-13 12:56:53 +0000  2512728 bytes for ./Assets.car
2019-02-13 12:56:53 +0000  copying file ./Base.lproj/LaunchScreen.storyboardc/01J-lp-oVM-view-Ze5-6b-2t3.nib ... 
1984 bytes for ./Base.lproj/LaunchScreen.storyboardc/01J-lp-oVM-view-Ze5-6b-2t3.nib
copying file ./Base.lproj/LaunchScreen.storyboardc/Info.plist ... 
258 bytes for ./Base.lproj/LaunchScreen.storyboardc/Info.plist
copying file ./Base.lproj/LaunchScreen.storyboardc/UIViewController-01J-lp-oVM.nib ... 
832 bytes for ./Base.lproj/LaunchScreen.storyboardc/UIViewController-01J-lp-oVM.nib
copying file ./Base.lproj/Main.storyboardc/1S2-oh-wjN-view-tdo-mm-mWK.nib/objects-11.0+.nib ... 
2019-02-13 12:56:53 +0000  22557 bytes for ./Base.lproj/Main.storyboardc/1S2-oh-wjN-view-tdo-mm-mWK.nib/objects-11.0+.nib
copying file ./Base.lproj/Main.storyboardc/1S2-oh-wjN-view-tdo-mm-mWK.nib/runtime.nib ... 
2019-02-13 12:56:53 +0000  22765 bytes for ./Base.lproj/Main.storyboardc/1S2-oh-wjN-view-tdo-mm-mWK.nib/runtime.nib
2019-02-13 12:56:53 +0000  copying file ./Base.lproj/Main.storyboardc/8VY-yj-RDX-view-fJu-n0-CB9.nib/objects-11.0+.nib ... 
2019-02-13 12:56:53 +0000  7578 bytes for ./Base.lproj/Main.storyboardc/8VY-yj-RDX-view-fJu-n0-CB9.nib/objects-11.0+.nib
2019-02-13 12:56:53 +0000  copying file ./Base.lproj/Main.storyboardc/8VY-yj-RDX-view-fJu-n0-CB9.nib/runtime.nib ... 
2019-02-13 12:56:53 +0000  7691 bytes for ./Base.lproj/Main.storyboardc/8VY-yj-RDX-view-fJu-n0-CB9.nib/runtime.nib
2019-02-13 12:56:53 +0000  copying file ./Base.lproj/Main.storyboardc/BYZ-38-t0r-view-8bC-Xf-vdC.nib/objects-11.0+.nib ... 
2019-02-13 12:56:53 +0000  11668 bytes for ./Base.lproj/Main.storyboardc/BYZ-38-t0r-view-8bC-Xf-vdC.nib/objects-11.0+.nib
2019-02-13 12:56:53 +0000  copying file ./Base.lproj/Main.storyboardc/BYZ-38-t0r-view-8bC-Xf-vdC.nib/runtime.nib ... 
2019-02-13 12:56:53 +0000  11794 bytes for ./Base.lproj/Main.storyboardc/BYZ-38-t0r-view-8bC-Xf-vdC.nib/runtime.nib
2019-02-13 12:56:53 +0000  copying file ./Base.lproj/Main.storyboardc/CheakOutVC.nib/objects-11.0+.nib ... 
2019-02-13 12:56:53 +0000  1025 bytes for ./Base.lproj/Main.storyboardc/CheakOutVC.nib/objects-11.0+.nib
2019-02-13 12:56:53 +0000  copying file ./Base.lproj/Main.storyboardc/CheakOutVC.nib/runtime.nib ... 
2019-02-13 12:56:53 +0000  1025 bytes for ./Base.lproj/Main.storyboardc/CheakOutVC.nib/runtime.nib
2019-02-13 12:56:53 +0000  copying file ./Base.lproj/Main.storyboardc/FxX-GA-r25-view-DYh-Eo-oCk.nib/objects-11.0+.nib ... 
2019-02-13 12:56:53 +0000  7100 bytes for ./Base.lproj/Main.storyboardc/FxX-GA-r25-view-DYh-Eo-oCk.nib/objects-11.0+.nib
copying file ./Base.lproj/Main.storyboardc/FxX-GA-r25-view-DYh-Eo-oCk.nib/runtime.nib ... 
2019-02-13 12:56:53 +0000  7319 bytes for ./Base.lproj/Main.storyboardc/FxX-GA-r25-view-DYh-Eo-oCk.nib/runtime.nib
2019-02-13 12:56:53 +0000  copying file ./Base.lproj/Main.storyboardc/Info.plist ... 
2019-02-13 12:56:53 +0000  485 bytes for ./Base.lproj/Main.storyboardc/Info.plist
2019-02-13 12:56:53 +0000  copying file ./Base.lproj/Main.storyboardc/OrderStatusVC.nib/objects-11.0+.nib ... 
2019-02-13 12:56:53 +0000  1031 bytes for ./Base.lproj/Main.storyboardc/OrderStatusVC.nib/objects-11.0+.nib
2019-02-13 12:56:53 +0000  copying file ./Base.lproj/Main.storyboardc/OrderStatusVC.nib/runtime.nib ... 
2019-02-13 12:56:53 +0000  1031 bytes for ./Base.lproj/Main.storyboardc/OrderStatusVC.nib/runtime.nib
2019-02-13 12:56:53 +0000  copying file ./Base.lproj/Main.storyboardc/RoseAkitoVC.nib/objects-11.0+.nib ... 
2019-02-13 12:56:53 +0000  13465 bytes for ./Base.lproj/Main.storyboardc/RoseAkitoVC.nib/objects-11.0+.nib
2019-02-13 12:56:53 +0000  copying file ./Base.lproj/Main.storyboardc/RoseAkitoVC.nib/runtime.nib ... 
2019-02-13 12:56:53 +0000  12996 bytes for ./Base.lproj/Main.storyboardc/RoseAkitoVC.nib/runtime.nib
2019-02-13 12:56:53 +0000  copying file ./Base.lproj/Main.storyboardc/SearchByColorVC.nib/objects-11.0+.nib ... 
2019-02-13 12:56:53 +0000  17678 bytes for ./Base.lproj/Main.storyboardc/SearchByColorVC.nib/objects-11.0+.nib
2019-02-13 12:56:53 +0000  copying file ./Base.lproj/Main.storyboardc/SearchByColorVC.nib/runtime.nib ... 
2019-02-13 12:56:53 +0000  17093 bytes for ./Base.lproj/Main.storyboardc/SearchByColorVC.nib/runtime.nib
2019-02-13 12:56:53 +0000  copying file ./Base.lproj/Main.storyboardc/SerchVC.nib/objects-11.0+.nib ... 
2019-02-13 12:56:53 +0000  1018 bytes for ./Base.lproj/Main.storyboardc/SerchVC.nib/objects-11.0+.nib
copying file ./Base.lproj/Main.storyboardc/SerchVC.nib/runtime.nib ... 
2019-02-13 12:56:53 +0000  1018 bytes for ./Base.lproj/Main.storyboardc/SerchVC.nib/runtime.nib
2019-02-13 12:56:53 +0000  copying file ./Base.lproj/Main.storyboardc/ues-9R-MD0-view-haz-OL-T4A.nib/objects-11.0+.nib ... 
2019-02-13 12:56:53 +0000  28607 bytes for ./Base.lproj/Main.storyboardc/ues-9R-MD0-view-haz-OL-T4A.nib/objects-11.0+.nib
2019-02-13 12:56:53 +0000  copying file ./Base.lproj/Main.storyboardc/ues-9R-MD0-view-haz-OL-T4A.nib/runtime.nib ... 
2019-02-13 12:56:53 +0000  28830 bytes for ./Base.lproj/Main.storyboardc/ues-9R-MD0-view-haz-OL-T4A.nib/runtime.nib
2019-02-13 12:56:53 +0000  copying file ./Base.lproj/Main.storyboardc/UINavigationController-7N9-jd-o45.nib/objects-11.0+.nib ... 
2019-02-13 12:56:53 +0000  18218 bytes for ./Base.lproj/Main.storyboardc/UINavigationController-7N9-jd-o45.nib/objects-11.0+.nib
copying file ./Base.lproj/Main.storyboardc/UINavigationController-7N9-jd-o45.nib/runtime.nib ... 
2019-02-13 12:56:53 +0000  17627 bytes for ./Base.lproj/Main.storyboardc/UINavigationController-7N9-jd-o45.nib/runtime.nib
2019-02-13 12:56:53 +0000  copying file ./Base.lproj/Main.storyboardc/ViewControllerVC.nib/objects-11.0+.nib ... 
2019-02-13 12:56:53 +0000  1113 bytes for ./Base.lproj/Main.storyboardc/ViewControllerVC.nib/objects-11.0+.nib
2019-02-13 12:56:53 +0000  copying file ./Base.lproj/Main.storyboardc/ViewControllerVC.nib/runtime.nib ... 
2019-02-13 12:56:53 +0000  1113 bytes for ./Base.lproj/Main.storyboardc/ViewControllerVC.nib/runtime.nib
2019-02-13 12:56:53 +0000  copying file ./Base.lproj/Main.storyboardc/y34-Xh-sSe-view-4JV-wx-lg5.nib/objects-11.0+.nib ... 
2019-02-13 12:56:53 +0000  16345 bytes for ./Base.lproj/Main.storyboardc/y34-Xh-sSe-view-4JV-wx-lg5.nib/objects-11.0+.nib
2019-02-13 12:56:53 +0000  copying file ./Base.lproj/Main.storyboardc/y34-Xh-sSe-view-4JV-wx-lg5.nib/runtime.nib ... 
2019-02-13 12:56:53 +0000  16470 bytes for ./Base.lproj/Main.storyboardc/y34-Xh-sSe-view-4JV-wx-lg5.nib/runtime.nib
2019-02-13 12:56:53 +0000  copying file ./BoxLotPortal ... 
2019-02-13 12:56:53 +0000  2208640 bytes for ./BoxLotPortal
2019-02-13 12:56:53 +0000  copying file ./embedded.mobileprovision ... 
9719 bytes for ./embedded.mobileprovision
copying file ./Frameworks/Alamofire.framework/_CodeSignature/CodeResources ... 
2202 bytes for ./Frameworks/Alamofire.framework/_CodeSignature/CodeResources
copying file ./Frameworks/Alamofire.framework/Alamofire ... 
2019-02-13 12:56:53 +0000  7830992 bytes for ./Frameworks/Alamofire.framework/Alamofire
copying file ./Frameworks/Alamofire.framework/Info.plist ... 
741 bytes for ./Frameworks/Alamofire.framework/Info.plist
copying file ./Frameworks/AlamofireImage.framework/_CodeSignature/CodeResources ... 
2202 bytes for ./Frameworks/AlamofireImage.framework/_CodeSignature/CodeResources
copying file ./Frameworks/AlamofireImage.framework/AlamofireImage ... 
3544944 bytes for ./Frameworks/AlamofireImage.framework/AlamofireImage
copying file ./Frameworks/AlamofireImage.framework/Info.plist ... 
751 bytes for ./Frameworks/AlamofireImage.framework/Info.plist
copying file ./Frameworks/DatePickerDialog.framework/_CodeSignature/CodeResources ... 
2202 bytes for ./Frameworks/DatePickerDialog.framework/_CodeSignature/CodeResources
copying file ./Frameworks/DatePickerDialog.framework/DatePickerDialog ... 
872944 bytes for ./Frameworks/DatePickerDialog.framework/DatePickerDialog
copying file ./Frameworks/DatePickerDialog.framework/Info.plist ... 
757 bytes for ./Frameworks/DatePickerDialog.framework/Info.plist
copying file ./Frameworks/IQKeyboardManagerSwift.framework/_CodeSignature/CodeResources ... 
2019-02-13 12:56:53 +0000  5102 bytes for ./Frameworks/IQKeyboardManagerSwift.framework/_CodeSignature/CodeResources
copying file ./Frameworks/IQKeyboardManagerSwift.framework/Info.plist ... 
769 bytes for ./Frameworks/IQKeyboardManagerSwift.framework/Info.plist
copying file ./Frameworks/IQKeyboardManagerSwift.framework/IQKeyboardManager.bundle/IQButtonBarArrowDown@2x.png ... 
1764 bytes for ./Frameworks/IQKeyboardManagerSwift.framework/IQKeyboardManager.bundle/IQButtonBarArrowDown@2x.png
copying file ./Frameworks/IQKeyboardManagerSwift.framework/IQKeyboardManager.bundle/IQButtonBarArrowDown@3x.png ... 
2177 bytes for ./Frameworks/IQKeyboardManagerSwift.framework/IQKeyboardManager.bundle/IQButtonBarArrowDown@3x.png
copying file ./Frameworks/IQKeyboardManagerSwift.framework/IQKeyboardManager.bundle/IQButtonBarArrowLeft@2x.png ... 
1793 bytes for ./Frameworks/IQKeyboardManagerSwift.framework/IQKeyboardManager.bundle/IQButtonBarArrowLeft@2x.png
copying file ./Frameworks/IQKeyboardManagerSwift.framework/IQKeyboardManager.bundle/IQButtonBarArrowLeft@3x.png ... 
1815 bytes for ./Frameworks/IQKeyboardManagerSwift.framework/IQKeyboardManager.bundle/IQButtonBarArrowLeft@3x.png
copying file ./Frameworks/IQKeyboardManagerSwift.framework/IQKeyboardManager.bundle/IQButtonBarArrowRight@2x.png ... 
1786 bytes for ./Frameworks/IQKeyboardManagerSwift.framework/IQKeyboardManager.bundle/IQButtonBarArrowRight@2x.png
copying file ./Frameworks/IQKeyboardManagerSwift.framework/IQKeyboardManager.bundle/IQButtonBarArrowRight@3x.png ... 
1844 bytes for ./Frameworks/IQKeyboardManagerSwift.framework/IQKeyboardManager.bundle/IQButtonBarArrowRight@3x.png
copying file ./Frameworks/IQKeyboardManagerSwift.framework/IQKeyboardManager.bundle/IQButtonBarArrowUp@2x.png ... 
1769 bytes for ./Frameworks/IQKeyboardManagerSwift.framework/IQKeyboardManager.bundle/IQButtonBarArrowUp@2x.png
copying file ./Frameworks/IQKeyboardManagerSwift.framework/IQKeyboardManager.bundle/IQButtonBarArrowUp@3x.png ... 
2164 bytes for ./Frameworks/IQKeyboardManagerSwift.framework/IQKeyboardManager.bundle/IQButtonBarArrowUp@3x.png
copying file ./Frameworks/IQKeyboardManagerSwift.framework/IQKeyboardManagerSwift ... 
2019-02-13 12:56:53 +0000  4703424 bytes for ./Frameworks/IQKeyboardManagerSwift.framework/IQKeyboardManagerSwift
2019-02-13 12:56:53 +0000  copying file ./Frameworks/libswiftCore.dylib ... 
2019-02-13 12:56:54 +0000  66671360 bytes for ./Frameworks/libswiftCore.dylib
copying file ./Frameworks/libswiftCoreFoundation.dylib ... 
2019-02-13 12:56:54 +0000  299520 bytes for ./Frameworks/libswiftCoreFoundation.dylib
copying file ./Frameworks/libswiftCoreGraphics.dylib ... 
1637568 bytes for ./Frameworks/libswiftCoreGraphics.dylib
copying file ./Frameworks/libswiftCoreImage.dylib ... 
349408 bytes for ./Frameworks/libswiftCoreImage.dylib
copying file ./Frameworks/libswiftDarwin.dylib ... 
847744 bytes for ./Frameworks/libswiftDarwin.dylib
copying file ./Frameworks/libswiftDispatch.dylib ... 
2764080 bytes for ./Frameworks/libswiftDispatch.dylib
copying file ./Frameworks/libswiftFoundation.dylib ... 
2019-02-13 12:56:55 +0000  30173168 bytes for ./Frameworks/libswiftFoundation.dylib
copying file ./Frameworks/libswiftMetal.dylib ... 
2019-02-13 12:56:55 +0000  457904 bytes for ./Frameworks/libswiftMetal.dylib
copying file ./Frameworks/libswiftObjectiveC.dylib ... 
595872 bytes for ./Frameworks/libswiftObjectiveC.dylib
copying file ./Frameworks/libswiftos.dylib ... 
506160 bytes for ./Frameworks/libswiftos.dylib
copying file ./Frameworks/libswiftQuartzCore.dylib ... 
352400 bytes for ./Frameworks/libswiftQuartzCore.dylib
copying file ./Frameworks/libswiftUIKit.dylib ... 
1084800 bytes for ./Frameworks/libswiftUIKit.dylib
copying file ./Info.plist ... 
1864 bytes for ./Info.plist
copying file ./LaunchImage-1100-Portrait-2436h@3x.png ... 
2019-02-13 12:56:55 +0000  1488696 bytes for ./LaunchImage-1100-Portrait-2436h@3x.png
copying file ./LaunchImage-700-568h@2x.png ... 
2019-02-13 12:56:55 +0000  536724 bytes for ./LaunchImage-700-568h@2x.png
copying file ./LaunchImage-700@2x.png ... 
2019-02-13 12:56:55 +0000  403530 bytes for ./LaunchImage-700@2x.png
2019-02-13 12:56:55 +0000  copying file ./LaunchImage-800-667h@2x.png ... 
2019-02-13 12:56:55 +0000  697088 bytes for ./LaunchImage-800-667h@2x.png
copying file ./LaunchImage-800-Portrait-736h@3x.png ... 
2019-02-13 12:56:55 +0000  1608221 bytes for ./LaunchImage-800-Portrait-736h@3x.png
copying file ./PkgInfo ... 
2019-02-13 12:56:55 +0000  2019-02-13 12:56:55 +0000  /usr/bin/ditto exited with 0

2019-02-13 12:56:55 +0000  8 bytes for ./PkgInfo
2019-02-13 12:56:55 +0000  2019-02-13 12:56:55 +0000  Processing step: IDEDistributionEmbedProfileStep

2019-02-13 12:56:55 +0000  Skipping profile for item: <IDEDistributionItem: 0x7fef4b96b960 'org.cocoapods.Alamofire' '<DVTFilePath:0x7fef4a9e07d0:'/Users/infoicon/Library/Developer/Xcode/Archives/2019-02-13/BoxLotPortal 13-02-19, 6.24 PM.xcarchive/Products/Applications/BoxLotPortal.app/Frameworks/Alamofire.framework'>'>
2019-02-13 12:56:55 +0000  Skipping profile for item: <IDEDistributionItem: 0x7fef4ae109d0 'org.cocoapods.AlamofireImage' '<DVTFilePath:0x7fef479deff0:'/Users/infoicon/Library/Developer/Xcode/Archives/2019-02-13/BoxLotPortal 13-02-19, 6.24 PM.xcarchive/Products/Applications/BoxLotPortal.app/Frameworks/AlamofireImage.framework'>'>
2019-02-13 12:56:55 +0000  Skipping profile for item: <IDEDistributionItem: 0x7fef49da4fd0 'org.cocoapods.DatePickerDialog' '<DVTFilePath:0x7fef46917300:'/Users/infoicon/Library/Developer/Xcode/Archives/2019-02-13/BoxLotPortal 13-02-19, 6.24 PM.xcarchive/Products/Applications/BoxLotPortal.app/Frameworks/DatePickerDialog.framework'>'>
2019-02-13 12:56:55 +0000  Skipping profile for item: <IDEDistributionItem: 0x7fef4b51d7d0 'org.cocoapods.IQKeyboardManagerSwift' '<DVTFilePath:0x7fef4b4a8c60:'/Users/infoicon/Library/Developer/Xcode/Archives/2019-02-13/BoxLotPortal 13-02-19, 6.24 PM.xcarchive/Products/Applications/BoxLotPortal.app/Frameworks/IQKeyboardManagerSwift.framework'>'>
2019-02-13 12:56:55 +0000  Skipping profile for item: <IDEDistributionItem: 0x7fef5f8e2b00 'com.apple.dt.runtime.swiftCore' '<DVTFilePath:0x7fef5c2c0ed0:'/Users/infoicon/Library/Developer/Xcode/Archives/2019-02-13/BoxLotPortal 13-02-19, 6.24 PM.xcarchive/Products/Applications/BoxLotPortal.app/Frameworks/libswiftCore.dylib'>'>
2019-02-13 12:56:55 +0000  Skipping profile for item: <IDEDistributionItem: 0x7fef4b632250 'com.apple.dt.runtime.swiftCoreFoundation' '<DVTFilePath:0x7fef4b8d5c60:'/Users/infoicon/Library/Developer/Xcode/Archives/2019-02-13/BoxLotPortal 13-02-19, 6.24 PM.xcarchive/Products/Applications/BoxLotPortal.app/Frameworks/libswiftCoreFoundation.dylib'>'>
2019-02-13 12:56:55 +0000  Skipping profile for item: <IDEDistributionItem: 0x7fef46b974c0 'com.apple.dt.runtime.swiftCoreGraphics' '<DVTFilePath:0x7fef4a8bbea0:'/Users/infoicon/Library/Developer/Xcode/Archives/2019-02-13/BoxLotPortal 13-02-19, 6.24 PM.xcarchive/Products/Applications/BoxLotPortal.app/Frameworks/libswiftCoreGraphics.dylib'>'>
2019-02-13 12:56:55 +0000  Skipping profile for item: <IDEDistributionItem: 0x7fef59cae7a0 'com.apple.dt.runtime.swiftCoreImage' '<DVTFilePath:0x7fef4bb1fcc0:'/Users/infoicon/Library/Developer/Xcode/Archives/2019-02-13/BoxLotPortal 13-02-19, 6.24 PM.xcarchive/Products/Applications/BoxLotPortal.app/Frameworks/libswiftCoreImage.dylib'>'>
2019-02-13 12:56:55 +0000  Skipping profile for item: <IDEDistributionItem: 0x7fef46225030 'com.apple.dt.runtime.swiftDarwin' '<DVTFilePath:0x7fef484b32d0:'/Users/infoicon/Library/Developer/Xcode/Archives/2019-02-13/BoxLotPortal 13-02-19, 6.24 PM.xcarchive/Products/Applications/BoxLotPortal.app/Frameworks/libswiftDarwin.dylib'>'>
2019-02-13 12:56:55 +0000  Skipping profile for item: <IDEDistributionItem: 0x7fef4835e0f0 'com.apple.dt.runtime.swiftDispatch' '<DVTFilePath:0x7fef480744d0:'/Users/infoicon/Library/Developer/Xcode/Archives/2019-02-13/BoxLotPortal 13-02-19, 6.24 PM.xcarchive/Products/Applications/BoxLotPortal.app/Frameworks/libswiftDispatch.dylib'>'>
2019-02-13 12:56:55 +0000  Skipping profile for item: <IDEDistributionItem: 0x7fef4ac3ca30 'com.apple.dt.runtime.swiftFoundation' '<DVTFilePath:0x7fef4af3a830:'/Users/infoicon/Library/Developer/Xcode/Archives/2019-02-13/BoxLotPortal 13-02-19, 6.24 PM.xcarchive/Products/Applications/BoxLotPortal.app/Frameworks/libswiftFoundation.dylib'>'>
2019-02-13 12:56:55 +0000  Skipping profile for item: <IDEDistributionItem: 0x7fef4bb7c9d0 'com.apple.dt.runtime.swiftMetal' '<DVTFilePath:0x7fef4a8bbd00:'/Users/infoicon/Library/Developer/Xcode/Archives/2019-02-13/BoxLotPortal 13-02-19, 6.24 PM.xcarchive/Products/Applications/BoxLotPortal.app/Frameworks/libswiftMetal.dylib'>'>
2019-02-13 12:56:55 +0000  Skipping profile for item: <IDEDistributionItem: 0x7fef4b6c58f0 'com.apple.dt.runtime.swiftObjectiveC' '<DVTFilePath:0x7fef4aadd0c0:'/Users/infoicon/Library/Developer/Xcode/Archives/2019-02-13/BoxLotPortal 13-02-19, 6.24 PM.xcarchive/Products/Applications/BoxLotPortal.app/Frameworks/libswiftObjectiveC.dylib'>'>
2019-02-13 12:56:55 +0000  Skipping profile for item: <IDEDistributionItem: 0x7fef484c3d20 'com.apple.dt.runtime.swiftQuartzCore' '<DVTFilePath:0x7fef4509d210:'/Users/infoicon/Library/Developer/Xcode/Archives/2019-02-13/BoxLotPortal 13-02-19, 6.24 PM.xcarchive/Products/Applications/BoxLotPortal.app/Frameworks/libswiftQuartzCore.dylib'>'>
2019-02-13 12:56:55 +0000  Skipping profile for item: <IDEDistributionItem: 0x7fef49e91930 'com.apple.dt.runtime.swiftUIKit' '<DVTFilePath:0x7fef5ee17750:'/Users/infoicon/Library/Developer/Xcode/Archives/2019-02-13/BoxLotPortal 13-02-19, 6.24 PM.xcarchive/Products/Applications/BoxLotPortal.app/Frameworks/libswiftUIKit.dylib'>'>
2019-02-13 12:56:55 +0000  Skipping profile for item: <IDEDistributionItem: 0x7fef4b1837d0 'com.apple.dt.runtime.swiftos' '<DVTFilePath:0x7fef6219b330:'/Users/infoicon/Library/Developer/Xcode/Archives/2019-02-13/BoxLotPortal 13-02-19, 6.24 PM.xcarchive/Products/Applications/BoxLotPortal.app/Frameworks/libswiftos.dylib'>'>
2019-02-13 12:56:55 +0000  Processing step: IDEDistributionAppThinningPlistStep
2019-02-13 12:56:55 +0000  Skipping step: IDEDistributionAppThinningPlistStep because it said so
2019-02-13 12:56:55 +0000  Processing step: IDEDistributionCompileBitcodeStep
2019-02-13 12:56:55 +0000  Skipping step: IDEDistributionCompileBitcodeStep because it said so
2019-02-13 12:56:55 +0000  Processing step: IDEDistributionCodeSlimmingStep
2019-02-13 12:56:56 +0000  Processing step: IDEDistributionCopyBCSymbolMapsStep
2019-02-13 12:56:56 +0000  Skipping step: IDEDistributionCopyBCSymbolMapsStep because it said so
2019-02-13 12:56:56 +0000  Skipping step: IDEDistributionCopyBCSymbolMapsStep because it said so
2019-02-13 12:56:56 +0000  Skipping step: IDEDistributionCopyBCSymbolMapsStep because it said so
2019-02-13 12:56:56 +0000  Skipping step: IDEDistributionCopyBCSymbolMapsStep because it said so
2019-02-13 12:56:56 +0000  Skipping step: IDEDistributionCopyBCSymbolMapsStep because it said so
2019-02-13 12:56:56 +0000  Skipping step: IDEDistributionCopyBCSymbolMapsStep because it said so
2019-02-13 12:56:56 +0000  Skipping step: IDEDistributionCopyBCSymbolMapsStep because it said so
2019-02-13 12:56:56 +0000  Skipping step: IDEDistributionCopyBCSymbolMapsStep because it said so
2019-02-13 12:56:56 +0000  Skipping step: IDEDistributionCopyBCSymbolMapsStep because it said so
2019-02-13 12:56:56 +0000  Skipping step: IDEDistributionCopyBCSymbolMapsStep because it said so
2019-02-13 12:56:56 +0000  Skipping step: IDEDistributionCopyBCSymbolMapsStep because it said so
2019-02-13 12:56:56 +0000  Skipping step: IDEDistributionCopyBCSymbolMapsStep because it said so
2019-02-13 12:56:56 +0000  Skipping step: IDEDistributionCopyBCSymbolMapsStep because it said so
2019-02-13 12:56:56 +0000  Skipping step: IDEDistributionCopyBCSymbolMapsStep because it said so
2019-02-13 12:56:56 +0000  Skipping step: IDEDistributionCopyBCSymbolMapsStep because it said so
2019-02-13 12:56:56 +0000  Skipping step: IDEDistributionCopyBCSymbolMapsStep because it said so
2019-02-13 12:56:56 +0000  Skipping step: IDEDistributionCopyBCSymbolMapsStep because it said so
2019-02-13 12:56:56 +0000  Processing step: IDEDistributionSymbolsStep
2019-02-13 12:56:56 +0000  Skipping step: IDEDistributionSymbolsStep because it said so
2019-02-13 12:56:56 +0000  Skipping step: IDEDistributionSymbolsStep because it said so
2019-02-13 12:56:56 +0000  Skipping step: IDEDistributionSymbolsStep because it said so
2019-02-13 12:56:56 +0000  Skipping step: IDEDistributionSymbolsStep because it said so
2019-02-13 12:56:56 +0000  Skipping step: IDEDistributionSymbolsStep because it said so
2019-02-13 12:56:56 +0000  Skipping step: IDEDistributionSymbolsStep because it said so
2019-02-13 12:56:56 +0000  Skipping step: IDEDistributionSymbolsStep because it said so
2019-02-13 12:56:56 +0000  Skipping step: IDEDistributionSymbolsStep because it said so
2019-02-13 12:56:56 +0000  Skipping step: IDEDistributionSymbolsStep because it said so
2019-02-13 12:56:56 +0000  Skipping step: IDEDistributionSymbolsStep because it said so
2019-02-13 12:56:56 +0000  Skipping step: IDEDistributionSymbolsStep because it said so
2019-02-13 12:56:56 +0000  Skipping step: IDEDistributionSymbolsStep because it said so
2019-02-13 12:56:56 +0000  Skipping step: IDEDistributionSymbolsStep because it said so
2019-02-13 12:56:56 +0000  Skipping step: IDEDistributionSymbolsStep because it said so
2019-02-13 12:56:56 +0000  Skipping step: IDEDistributionSymbolsStep because it said so
2019-02-13 12:56:56 +0000  Skipping step: IDEDistributionSymbolsStep because it said so
2019-02-13 12:56:56 +0000  Skipping step: IDEDistributionSymbolsStep because it said so
2019-02-13 12:56:56 +0000  Processing step: IDEDistributionAppThinningStep
2019-02-13 12:56:56 +0000  Skipping step: IDEDistributionAppThinningStep because it said so
2019-02-13 12:56:56 +0000  Processing step: IDEDistributionODRStep
2019-02-13 12:56:56 +0000  Processing step: IDEDistributionStripXattrsStep
2019-02-13 12:56:56 +0000  Skipping stripping extended attributes of item: <IDEDistributionItem: 0x7fef4b96b960 'org.cocoapods.Alamofire' '<DVTFilePath:0x7fef4a9e07d0:'/Users/infoicon/Library/Developer/Xcode/Archives/2019-02-13/BoxLotPortal 13-02-19, 6.24 PM.xcarchive/Products/Applications/BoxLotPortal.app/Frameworks/Alamofire.framework'>'>
2019-02-13 12:56:56 +0000  Skipping stripping extended attributes of item: <IDEDistributionItem: 0x7fef4ae109d0 'org.cocoapods.AlamofireImage' '<DVTFilePath:0x7fef479deff0:'/Users/infoicon/Library/Developer/Xcode/Archives/2019-02-13/BoxLotPortal 13-02-19, 6.24 PM.xcarchive/Products/Applications/BoxLotPortal.app/Frameworks/AlamofireImage.framework'>'>
2019-02-13 12:56:56 +0000  Skipping stripping extended attributes of item: <IDEDistributionItem: 0x7fef49da4fd0 'org.cocoapods.DatePickerDialog' '<DVTFilePath:0x7fef46917300:'/Users/infoicon/Library/Developer/Xcode/Archives/2019-02-13/BoxLotPortal 13-02-19, 6.24 PM.xcarchive/Products/Applications/BoxLotPortal.app/Frameworks/DatePickerDialog.framework'>'>
2019-02-13 12:56:56 +0000  Skipping stripping extended attributes of item: <IDEDistributionItem: 0x7fef4b51d7d0 'org.cocoapods.IQKeyboardManagerSwift' '<DVTFilePath:0x7fef4b4a8c60:'/Users/infoicon/Library/Developer/Xcode/Archives/2019-02-13/BoxLotPortal 13-02-19, 6.24 PM.xcarchive/Products/Applications/BoxLotPortal.app/Frameworks/IQKeyboardManagerSwift.framework'>'>
2019-02-13 12:56:56 +0000  Skipping stripping extended attributes of item: <IDEDistributionItem: 0x7fef5f8e2b00 'com.apple.dt.runtime.swiftCore' '<DVTFilePath:0x7fef5c2c0ed0:'/Users/infoicon/Library/Developer/Xcode/Archives/2019-02-13/BoxLotPortal 13-02-19, 6.24 PM.xcarchive/Products/Applications/BoxLotPortal.app/Frameworks/libswiftCore.dylib'>'>
2019-02-13 12:56:56 +0000  Skipping stripping extended attributes of item: <IDEDistributionItem: 0x7fef4b632250 'com.apple.dt.runtime.swiftCoreFoundation' '<DVTFilePath:0x7fef4b8d5c60:'/Users/infoicon/Library/Developer/Xcode/Archives/2019-02-13/BoxLotPortal 13-02-19, 6.24 PM.xcarchive/Products/Applications/BoxLotPortal.app/Frameworks/libswiftCoreFoundation.dylib'>'>
2019-02-13 12:56:56 +0000  Skipping stripping extended attributes of item: <IDEDistributionItem: 0x7fef46b974c0 'com.apple.dt.runtime.swiftCoreGraphics' '<DVTFilePath:0x7fef4a8bbea0:'/Users/infoicon/Library/Developer/Xcode/Archives/2019-02-13/BoxLotPortal 13-02-19, 6.24 PM.xcarchive/Products/Applications/BoxLotPortal.app/Frameworks/libswiftCoreGraphics.dylib'>'>
2019-02-13 12:56:56 +0000  Skipping stripping extended attributes of item: <IDEDistributionItem: 0x7fef59cae7a0 'com.apple.dt.runtime.swiftCoreImage' '<DVTFilePath:0x7fef4bb1fcc0:'/Users/infoicon/Library/Developer/Xcode/Archives/2019-02-13/BoxLotPortal 13-02-19, 6.24 PM.xcarchive/Products/Applications/BoxLotPortal.app/Frameworks/libswiftCoreImage.dylib'>'>
2019-02-13 12:56:56 +0000  Skipping stripping extended attributes of item: <IDEDistributionItem: 0x7fef46225030 'com.apple.dt.runtime.swiftDarwin' '<DVTFilePath:0x7fef484b32d0:'/Users/infoicon/Library/Developer/Xcode/Archives/2019-02-13/BoxLotPortal 13-02-19, 6.24 PM.xcarchive/Products/Applications/BoxLotPortal.app/Frameworks/libswiftDarwin.dylib'>'>
2019-02-13 12:56:56 +0000  Skipping stripping extended attributes of item: <IDEDistributionItem: 0x7fef4835e0f0 'com.apple.dt.runtime.swiftDispatch' '<DVTFilePath:0x7fef480744d0:'/Users/infoicon/Library/Developer/Xcode/Archives/2019-02-13/BoxLotPortal 13-02-19, 6.24 PM.xcarchive/Products/Applications/BoxLotPortal.app/Frameworks/libswiftDispatch.dylib'>'>
2019-02-13 12:56:56 +0000  Skipping stripping extended attributes of item: <IDEDistributionItem: 0x7fef4ac3ca30 'com.apple.dt.runtime.swiftFoundation' '<DVTFilePath:0x7fef4af3a830:'/Users/infoicon/Library/Developer/Xcode/Archives/2019-02-13/BoxLotPortal 13-02-19, 6.24 PM.xcarchive/Products/Applications/BoxLotPortal.app/Frameworks/libswiftFoundation.dylib'>'>
2019-02-13 12:56:56 +0000  Skipping stripping extended attributes of item: <IDEDistributionItem: 0x7fef4bb7c9d0 'com.apple.dt.runtime.swiftMetal' '<DVTFilePath:0x7fef4a8bbd00:'/Users/infoicon/Library/Developer/Xcode/Archives/2019-02-13/BoxLotPortal 13-02-19, 6.24 PM.xcarchive/Products/Applications/BoxLotPortal.app/Frameworks/libswiftMetal.dylib'>'>
2019-02-13 12:56:56 +0000  Skipping stripping extended attributes of item: <IDEDistributionItem: 0x7fef4b6c58f0 'com.apple.dt.runtime.swiftObjectiveC' '<DVTFilePath:0x7fef4aadd0c0:'/Users/infoicon/Library/Developer/Xcode/Archives/2019-02-13/BoxLotPortal 13-02-19, 6.24 PM.xcarchive/Products/Applications/BoxLotPortal.app/Frameworks/libswiftObjectiveC.dylib'>'>
2019-02-13 12:56:56 +0000  Skipping stripping extended attributes of item: <IDEDistributionItem: 0x7fef484c3d20 'com.apple.dt.runtime.swiftQuartzCore' '<DVTFilePath:0x7fef4509d210:'/Users/infoicon/Library/Developer/Xcode/Archives/2019-02-13/BoxLotPortal 13-02-19, 6.24 PM.xcarchive/Products/Applications/BoxLotPortal.app/Frameworks/libswiftQuartzCore.dylib'>'>
2019-02-13 12:56:56 +0000  Skipping stripping extended attributes of item: <IDEDistributionItem: 0x7fef49e91930 'com.apple.dt.runtime.swiftUIKit' '<DVTFilePath:0x7fef5ee17750:'/Users/infoicon/Library/Developer/Xcode/Archives/2019-02-13/BoxLotPortal 13-02-19, 6.24 PM.xcarchive/Products/Applications/BoxLotPortal.app/Frameworks/libswiftUIKit.dylib'>'>
2019-02-13 12:56:56 +0000  Skipping stripping extended attributes of item: <IDEDistributionItem: 0x7fef4b1837d0 'com.apple.dt.runtime.swiftos' '<DVTFilePath:0x7fef6219b330:'/Users/infoicon/Library/Developer/Xcode/Archives/2019-02-13/BoxLotPortal 13-02-19, 6.24 PM.xcarchive/Products/Applications/BoxLotPortal.app/Frameworks/libswiftos.dylib'>'>
2019-02-13 12:56:56 +0000  Running /usr/bin/xattr '-crs' '/var/folders/t6/1k5t_cp943392vl2x753nn480000gn/T/XcodeDistPipeline.cVx/Root/Payload/BoxLotPortal.app'
2019-02-13 12:56:58 +0000  2019-02-13 12:56:58 +0000  

2019-02-13 12:56:58 +0000  /usr/bin/xattr exited with 02019-02-13 12:56:58 +0000  

2019-02-13 12:56:58 +0000  2019-02-13 12:56:58 +0000  Processing step: IDEDistributionCodesignStep

2019-02-13 12:56:58 +0000  Entitlements for <IDEDistributionItem: 0x7fef4b96b960 'org.cocoapods.Alamofire' '<DVTFilePath:0x7fef4a9e07d0:'/Users/infoicon/Library/Developer/Xcode/Archives/2019-02-13/BoxLotPortal 13-02-19, 6.24 PM.xcarchive/Products/Applications/BoxLotPortal.app/Frameworks/Alamofire.framework'>'>: {
}
2019-02-13 12:56:58 +0000  Writing entitlements for <IDEDistributionItem: 0x7fef4b96b960 'org.cocoapods.Alamofire' '<DVTFilePath:0x7fef4a9e07d0:'/Users/infoicon/Library/Developer/Xcode/Archives/2019-02-13/BoxLotPortal 13-02-19, 6.24 PM.xcarchive/Products/Applications/BoxLotPortal.app/Frameworks/Alamofire.framework'>'> to: /var/folders/t6/1k5t_cp943392vl2x753nn480000gn/T/XcodeDistPipeline.cVx/entitlements5aGTjy
2019-02-13 12:56:58 +0000  Running /usr/bin/codesign '-vvv' '--force' '--sign' '4CFC2A8156A3764479847C869B3A49F8E73F11D7' '--preserve-metadata=identifier,flags' '--entitlements' '/var/folders/t6/1k5t_cp943392vl2x753nn480000gn/T/XcodeDistPipeline.cVx/entitlements5aGTjy' '/var/folders/t6/1k5t_cp943392vl2x753nn480000gn/T/XcodeDistPipeline.cVx/Root/Payload/BoxLotPortal.app/Frameworks/Alamofire.framework'
2019-02-13 12:56:58 +0000  /var/folders/t6/1k5t_cp943392vl2x753nn480000gn/T/XcodeDistPipeline.cVx/Root/Payload/BoxLotPortal.app/Frameworks/Alamofire.framework: signed bundle with Mach-O universal (armv7 arm64) [org.cocoapods.Alamofire]
2019-02-13 12:56:58 +0000  
2019-02-13 12:56:58 +0000  
2019-02-13 12:56:58 +0000  
2019-02-13 12:56:58 +0000  /usr/bin/codesign exited with 02019-02-13 12:56:58 +0000  

2019-02-13 12:56:58 +0000  
2019-02-13 12:56:58 +0000  Entitlements for <IDEDistributionItem: 0x7fef4ae109d0 'org.cocoapods.AlamofireImage' '<DVTFilePath:0x7fef479deff0:'/Users/infoicon/Library/Developer/Xcode/Archives/2019-02-13/BoxLotPortal 13-02-19, 6.24 PM.xcarchive/Products/Applications/BoxLotPortal.app/Frameworks/AlamofireImage.framework'>'>: {
}
2019-02-13 12:56:58 +0000  Writing entitlements for <IDEDistributionItem: 0x7fef4ae109d0 'org.cocoapods.AlamofireImage' '<DVTFilePath:0x7fef479deff0:'/Users/infoicon/Library/Developer/Xcode/Archives/2019-02-13/BoxLotPortal 13-02-19, 6.24 PM.xcarchive/Products/Applications/BoxLotPortal.app/Frameworks/AlamofireImage.framework'>'> to: /var/folders/t6/1k5t_cp943392vl2x753nn480000gn/T/XcodeDistPipeline.cVx/entitlementsm5Ovr6
2019-02-13 12:56:58 +0000  Running /usr/bin/codesign '-vvv' '--force' '--sign' '4CFC2A8156A3764479847C869B3A49F8E73F11D7' '--preserve-metadata=identifier,flags' '--entitlements' '/var/folders/t6/1k5t_cp943392vl2x753nn480000gn/T/XcodeDistPipeline.cVx/entitlementsm5Ovr6' '/var/folders/t6/1k5t_cp943392vl2x753nn480000gn/T/XcodeDistPipeline.cVx/Root/Payload/BoxLotPortal.app/Frameworks/AlamofireImage.framework'
2019-02-13 12:56:59 +0000  /var/folders/t6/1k5t_cp943392vl2x753nn480000gn/T/XcodeDistPipeline.cVx/Root/Payload/BoxLotPortal.app/Frameworks/AlamofireImage.framework: signed bundle with Mach-O universal (armv7 arm64) [org.cocoapods.AlamofireImage]
2019-02-13 12:56:59 +0000  
2019-02-13 12:56:59 +0000  2019-02-13 12:56:59 +0000  /usr/bin/codesign exited with 0

2019-02-13 12:56:59 +0000  
2019-02-13 12:56:59 +0000  Entitlements for <IDEDistributionItem: 0x7fef49da4fd0 'org.cocoapods.DatePickerDialog' '<DVTFilePath:0x7fef46917300:'/Users/infoicon/Library/Developer/Xcode/Archives/2019-02-13/BoxLotPortal 13-02-19, 6.24 PM.xcarchive/Products/Applications/BoxLotPortal.app/Frameworks/DatePickerDialog.framework'>'>: {
}
2019-02-13 12:56:59 +0000  Writing entitlements for <IDEDistributionItem: 0x7fef49da4fd0 'org.cocoapods.DatePickerDialog' '<DVTFilePath:0x7fef46917300:'/Users/infoicon/Library/Developer/Xcode/Archives/2019-02-13/BoxLotPortal 13-02-19, 6.24 PM.xcarchive/Products/Applications/BoxLotPortal.app/Frameworks/DatePickerDialog.framework'>'> to: /var/folders/t6/1k5t_cp943392vl2x753nn480000gn/T/XcodeDistPipeline.cVx/entitlementsKLc52U
2019-02-13 12:56:59 +0000  Running /usr/bin/codesign '-vvv' '--force' '--sign' '4CFC2A8156A3764479847C869B3A49F8E73F11D7' '--preserve-metadata=identifier,flags' '--entitlements' '/var/folders/t6/1k5t_cp943392vl2x753nn480000gn/T/XcodeDistPipeline.cVx/entitlementsKLc52U' '/var/folders/t6/1k5t_cp943392vl2x753nn480000gn/T/XcodeDistPipeline.cVx/Root/Payload/BoxLotPortal.app/Frameworks/DatePickerDialog.framework'
2019-02-13 12:56:59 +0000  /var/folders/t6/1k5t_cp943392vl2x753nn480000gn/T/XcodeDistPipeline.cVx/Root/Payload/BoxLotPortal.app/Frameworks/DatePickerDialog.framework: signed bundle with Mach-O universal (armv7 arm64) [org.cocoapods.DatePickerDialog]
2019-02-13 12:56:59 +0000  
2019-02-13 12:56:59 +0000  
2019-02-13 12:56:59 +0000  /usr/bin/codesign exited with 02019-02-13 12:56:59 +0000  

2019-02-13 12:56:59 +0000  
2019-02-13 12:56:59 +0000  Entitlements for <IDEDistributionItem: 0x7fef4b51d7d0 'org.cocoapods.IQKeyboardManagerSwift' '<DVTFilePath:0x7fef4b4a8c60:'/Users/infoicon/Library/Developer/Xcode/Archives/2019-02-13/BoxLotPortal 13-02-19, 6.24 PM.xcarchive/Products/Applications/BoxLotPortal.app/Frameworks/IQKeyboardManagerSwift.framework'>'>: {
}
2019-02-13 12:56:59 +0000  Writing entitlements for <IDEDistributionItem: 0x7fef4b51d7d0 'org.cocoapods.IQKeyboardManagerSwift' '<DVTFilePath:0x7fef4b4a8c60:'/Users/infoicon/Library/Developer/Xcode/Archives/2019-02-13/BoxLotPortal 13-02-19, 6.24 PM.xcarchive/Products/Applications/BoxLotPortal.app/Frameworks/IQKeyboardManagerSwift.framework'>'> to: /var/folders/t6/1k5t_cp943392vl2x753nn480000gn/T/XcodeDistPipeline.cVx/entitlementsv9HSew
2019-02-13 12:56:59 +0000  Running /usr/bin/codesign '-vvv' '--force' '--sign' '4CFC2A8156A3764479847C869B3A49F8E73F11D7' '--preserve-metadata=identifier,flags' '--entitlements' '/var/folders/t6/1k5t_cp943392vl2x753nn480000gn/T/XcodeDistPipeline.cVx/entitlementsv9HSew' '/var/folders/t6/1k5t_cp943392vl2x753nn480000gn/T/XcodeDistPipeline.cVx/Root/Payload/BoxLotPortal.app/Frameworks/IQKeyboardManagerSwift.framework'
2019-02-13 12:57:00 +0000  /var/folders/t6/1k5t_cp943392vl2x753nn480000gn/T/XcodeDistPipeline.cVx/Root/Payload/BoxLotPortal.app/Frameworks/IQKeyboardManagerSwift.framework: signed bundle with Mach-O universal (armv7 arm64) [org.cocoapods.IQKeyboardManagerSwift]
2019-02-13 12:57:00 +0000  
2019-02-13 12:57:00 +0000  
2019-02-13 12:57:00 +0000  
2019-02-13 12:57:00 +0000  2019-02-13 12:57:00 +0000  /usr/bin/codesign exited with 0

2019-02-13 12:57:00 +0000  
2019-02-13 12:57:00 +0000  Entitlements for <IDEDistributionItem: 0x7fef5f8e2b00 'com.apple.dt.runtime.swiftCore' '<DVTFilePath:0x7fef5c2c0ed0:'/Users/infoicon/Library/Developer/Xcode/Archives/2019-02-13/BoxLotPortal 13-02-19, 6.24 PM.xcarchive/Products/Applications/BoxLotPortal.app/Frameworks/libswiftCore.dylib'>'>: {
}
2019-02-13 12:57:00 +0000  Writing entitlements for <IDEDistributionItem: 0x7fef5f8e2b00 'com.apple.dt.runtime.swiftCore' '<DVTFilePath:0x7fef5c2c0ed0:'/Users/infoicon/Library/Developer/Xcode/Archives/2019-02-13/BoxLotPortal 13-02-19, 6.24 PM.xcarchive/Products/Applications/BoxLotPortal.app/Frameworks/libswiftCore.dylib'>'> to: /var/folders/t6/1k5t_cp943392vl2x753nn480000gn/T/XcodeDistPipeline.cVx/entitlementsEhgSWE
2019-02-13 12:57:00 +0000  Running /usr/bin/codesign '-vvv' '--force' '--sign' '4CFC2A8156A3764479847C869B3A49F8E73F11D7' '--preserve-metadata=identifier,flags' '--entitlements' '/var/folders/t6/1k5t_cp943392vl2x753nn480000gn/T/XcodeDistPipeline.cVx/entitlementsEhgSWE' '/var/folders/t6/1k5t_cp943392vl2x753nn480000gn/T/XcodeDistPipeline.cVx/Root/Payload/BoxLotPortal.app/Frameworks/libswiftCore.dylib'
2019-02-13 12:57:02 +0000  /var/folders/t6/1k5t_cp943392vl2x753nn480000gn/T/XcodeDistPipeline.cVx/Root/Payload/BoxLotPortal.app/Frameworks/libswiftCore.dylib: signed Mach-O universal (armv7 armv7s arm64) [com.apple.dt.runtime.swiftCore]
2019-02-13 12:57:02 +0000  2019-02-13 12:57:02 +0000  /usr/bin/codesign exited with 0

2019-02-13 12:57:02 +0000  
2019-02-13 12:57:02 +0000  Entitlements for <IDEDistributionItem: 0x7fef4b632250 'com.apple.dt.runtime.swiftCoreFoundation' '<DVTFilePath:0x7fef4b8d5c60:'/Users/infoicon/Library/Developer/Xcode/Archives/2019-02-13/BoxLotPortal 13-02-19, 6.24 PM.xcarchive/Products/Applications/BoxLotPortal.app/Frameworks/libswiftCoreFoundation.dylib'>'>: {
}
2019-02-13 12:57:02 +0000  Writing entitlements for <IDEDistributionItem: 0x7fef4b632250 'com.apple.dt.runtime.swiftCoreFoundation' '<DVTFilePath:0x7fef4b8d5c60:'/Users/infoicon/Library/Developer/Xcode/Archives/2019-02-13/BoxLotPortal 13-02-19, 6.24 PM.xcarchive/Products/Applications/BoxLotPortal.app/Frameworks/libswiftCoreFoundation.dylib'>'> to: /var/folders/t6/1k5t_cp943392vl2x753nn480000gn/T/XcodeDistPipeline.cVx/entitlementscoOHOX
2019-02-13 12:57:02 +0000  Running /usr/bin/codesign '-vvv' '--force' '--sign' '4CFC2A8156A3764479847C869B3A49F8E73F11D7' '--preserve-metadata=identifier,flags' '--entitlements' '/var/folders/t6/1k5t_cp943392vl2x753nn480000gn/T/XcodeDistPipeline.cVx/entitlementscoOHOX' '/var/folders/t6/1k5t_cp943392vl2x753nn480000gn/T/XcodeDistPipeline.cVx/Root/Payload/BoxLotPortal.app/Frameworks/libswiftCoreFoundation.dylib'
2019-02-13 12:57:02 +0000  /var/folders/t6/1k5t_cp943392vl2x753nn480000gn/T/XcodeDistPipeline.cVx/Root/Payload/BoxLotPortal.app/Frameworks/libswiftCoreFoundation.dylib: signed Mach-O universal (armv7 armv7s arm64) [com.apple.dt.runtime.swiftCoreFoundation]
2019-02-13 12:57:02 +0000  
2019-02-13 12:57:02 +0000  2019-02-13 12:57:02 +0000  /usr/bin/codesign exited with 0

2019-02-13 12:57:02 +0000  
2019-02-13 12:57:02 +0000  Entitlements for <IDEDistributionItem: 0x7fef46b974c0 'com.apple.dt.runtime.swiftCoreGraphics' '<DVTFilePath:0x7fef4a8bbea0:'/Users/infoicon/Library/Developer/Xcode/Archives/2019-02-13/BoxLotPortal 13-02-19, 6.24 PM.xcarchive/Products/Applications/BoxLotPortal.app/Frameworks/libswiftCoreGraphics.dylib'>'>: {
}
2019-02-13 12:57:02 +0000  Writing entitlements for <IDEDistributionItem: 0x7fef46b974c0 'com.apple.dt.runtime.swiftCoreGraphics' '<DVTFilePath:0x7fef4a8bbea0:'/Users/infoicon/Library/Developer/Xcode/Archives/2019-02-13/BoxLotPortal 13-02-19, 6.24 PM.xcarchive/Products/Applications/BoxLotPortal.app/Frameworks/libswiftCoreGraphics.dylib'>'> to: /var/folders/t6/1k5t_cp943392vl2x753nn480000gn/T/XcodeDistPipeline.cVx/entitlementsSkgkPo
2019-02-13 12:57:02 +0000  Running /usr/bin/codesign '-vvv' '--force' '--sign' '4CFC2A8156A3764479847C869B3A49F8E73F11D7' '--preserve-metadata=identifier,flags' '--entitlements' '/var/folders/t6/1k5t_cp943392vl2x753nn480000gn/T/XcodeDistPipeline.cVx/entitlementsSkgkPo' '/var/folders/t6/1k5t_cp943392vl2x753nn480000gn/T/XcodeDistPipeline.cVx/Root/Payload/BoxLotPortal.app/Frameworks/libswiftCoreGraphics.dylib'
2019-02-13 12:57:03 +0000  /var/folders/t6/1k5t_cp943392vl2x753nn480000gn/T/XcodeDistPipeline.cVx/Root/Payload/BoxLotPortal.app/Frameworks/libswiftCoreGraphics.dylib: signed Mach-O universal (armv7 armv7s arm64) [com.apple.dt.runtime.swiftCoreGraphics]
2019-02-13 12:57:03 +0000  
2019-02-13 12:57:03 +0000  
2019-02-13 12:57:03 +0000  
2019-02-13 12:57:03 +0000  2019-02-13 12:57:03 +0000  /usr/bin/codesign exited with 0

2019-02-13 12:57:03 +0000  
2019-02-13 12:57:03 +0000  Entitlements for <IDEDistributionItem: 0x7fef59cae7a0 'com.apple.dt.runtime.swiftCoreImage' '<DVTFilePath:0x7fef4bb1fcc0:'/Users/infoicon/Library/Developer/Xcode/Archives/2019-02-13/BoxLotPortal 13-02-19, 6.24 PM.xcarchive/Products/Applications/BoxLotPortal.app/Frameworks/libswiftCoreImage.dylib'>'>: {
}
2019-02-13 12:57:03 +0000  Writing entitlements for <IDEDistributionItem: 0x7fef59cae7a0 'com.apple.dt.runtime.swiftCoreImage' '<DVTFilePath:0x7fef4bb1fcc0:'/Users/infoicon/Library/Developer/Xcode/Archives/2019-02-13/BoxLotPortal 13-02-19, 6.24 PM.xcarchive/Products/Applications/BoxLotPortal.app/Frameworks/libswiftCoreImage.dylib'>'> to: /var/folders/t6/1k5t_cp943392vl2x753nn480000gn/T/XcodeDistPipeline.cVx/entitlementsitOf5E
2019-02-13 12:57:03 +0000  Running /usr/bin/codesign '-vvv' '--force' '--sign' '4CFC2A8156A3764479847C869B3A49F8E73F11D7' '--preserve-metadata=identifier,flags' '--entitlements' '/var/folders/t6/1k5t_cp943392vl2x753nn480000gn/T/XcodeDistPipeline.cVx/entitlementsitOf5E' '/var/folders/t6/1k5t_cp943392vl2x753nn480000gn/T/XcodeDistPipeline.cVx/Root/Payload/BoxLotPortal.app/Frameworks/libswiftCoreImage.dylib'
2019-02-13 12:57:03 +0000  /var/folders/t6/1k5t_cp943392vl2x753nn480000gn/T/XcodeDistPipeline.cVx/Root/Payload/BoxLotPortal.app/Frameworks/libswiftCoreImage.dylib: signed Mach-O universal (armv7 armv7s arm64) [com.apple.dt.runtime.swiftCoreImage]
2019-02-13 12:57:03 +0000  
2019-02-13 12:57:03 +0000  
2019-02-13 12:57:03 +0000  2019-02-13 12:57:03 +0000  /usr/bin/codesign exited with 0

2019-02-13 12:57:03 +0000  
2019-02-13 12:57:03 +0000  Entitlements for <IDEDistributionItem: 0x7fef46225030 'com.apple.dt.runtime.swiftDarwin' '<DVTFilePath:0x7fef484b32d0:'/Users/infoicon/Library/Developer/Xcode/Archives/2019-02-13/BoxLotPortal 13-02-19, 6.24 PM.xcarchive/Products/Applications/BoxLotPortal.app/Frameworks/libswiftDarwin.dylib'>'>: {
}
2019-02-13 12:57:03 +0000  Writing entitlements for <IDEDistributionItem: 0x7fef46225030 'com.apple.dt.runtime.swiftDarwin' '<DVTFilePath:0x7fef484b32d0:'/Users/infoicon/Library/Developer/Xcode/Archives/2019-02-13/BoxLotPortal 13-02-19, 6.24 PM.xcarchive/Products/Applications/BoxLotPortal.app/Frameworks/libswiftDarwin.dylib'>'> to: /var/folders/t6/1k5t_cp943392vl2x753nn480000gn/T/XcodeDistPipeline.cVx/entitlementslRRaMR
2019-02-13 12:57:03 +0000  Running /usr/bin/codesign '-vvv' '--force' '--sign' '4CFC2A8156A3764479847C869B3A49F8E73F11D7' '--preserve-metadata=identifier,flags' '--entitlements' '/var/folders/t6/1k5t_cp943392vl2x753nn480000gn/T/XcodeDistPipeline.cVx/entitlementslRRaMR' '/var/folders/t6/1k5t_cp943392vl2x753nn480000gn/T/XcodeDistPipeline.cVx/Root/Payload/BoxLotPortal.app/Frameworks/libswiftDarwin.dylib'
2019-02-13 12:57:03 +0000  /var/folders/t6/1k5t_cp943392vl2x753nn480000gn/T/XcodeDistPipeline.cVx/Root/Payload/BoxLotPortal.app/Frameworks/libswiftDarwin.dylib: signed Mach-O universal (armv7 armv7s arm64) [com.apple.dt.runtime.swiftDarwin]
2019-02-13 12:57:03 +0000  
2019-02-13 12:57:03 +0000  
2019-02-13 12:57:03 +0000  2019-02-13 12:57:03 +0000  /usr/bin/codesign exited with 0

2019-02-13 12:57:03 +0000  
2019-02-13 12:57:03 +0000  Entitlements for <IDEDistributionItem: 0x7fef4835e0f0 'com.apple.dt.runtime.swiftDispatch' '<DVTFilePath:0x7fef480744d0:'/Users/infoicon/Library/Developer/Xcode/Archives/2019-02-13/BoxLotPortal 13-02-19, 6.24 PM.xcarchive/Products/Applications/BoxLotPortal.app/Frameworks/libswiftDispatch.dylib'>'>: {
}
2019-02-13 12:57:03 +0000  Writing entitlements for <IDEDistributionItem: 0x7fef4835e0f0 'com.apple.dt.runtime.swiftDispatch' '<DVTFilePath:0x7fef480744d0:'/Users/infoicon/Library/Developer/Xcode/Archives/2019-02-13/BoxLotPortal 13-02-19, 6.24 PM.xcarchive/Products/Applications/BoxLotPortal.app/Frameworks/libswiftDispatch.dylib'>'> to: /var/folders/t6/1k5t_cp943392vl2x753nn480000gn/T/XcodeDistPipeline.cVx/entitlementsTkZlh7
2019-02-13 12:57:03 +0000  Running /usr/bin/codesign '-vvv' '--force' '--sign' '4CFC2A8156A3764479847C869B3A49F8E73F11D7' '--preserve-metadata=identifier,flags' '--entitlements' '/var/folders/t6/1k5t_cp943392vl2x753nn480000gn/T/XcodeDistPipeline.cVx/entitlementsTkZlh7' '/var/folders/t6/1k5t_cp943392vl2x753nn480000gn/T/XcodeDistPipeline.cVx/Root/Payload/BoxLotPortal.app/Frameworks/libswiftDispatch.dylib'
2019-02-13 12:57:04 +0000  /var/folders/t6/1k5t_cp943392vl2x753nn480000gn/T/XcodeDistPipeline.cVx/Root/Payload/BoxLotPortal.app/Frameworks/libswiftDispatch.dylib: signed Mach-O universal (armv7 armv7s arm64) [com.apple.dt.runtime.swiftDispatch]
2019-02-13 12:57:04 +0000  2019-02-13 12:57:04 +0000  

2019-02-13 12:57:04 +0000  
2019-02-13 12:57:04 +0000  2019-02-13 12:57:04 +0000  /usr/bin/codesign exited with 0

2019-02-13 12:57:04 +0000  
2019-02-13 12:57:04 +0000  Entitlements for <IDEDistributionItem: 0x7fef4ac3ca30 'com.apple.dt.runtime.swiftFoundation' '<DVTFilePath:0x7fef4af3a830:'/Users/infoicon/Library/Developer/Xcode/Archives/2019-02-13/BoxLotPortal 13-02-19, 6.24 PM.xcarchive/Products/Applications/BoxLotPortal.app/Frameworks/libswiftFoundation.dylib'>'>: {
}
2019-02-13 12:57:04 +0000  Writing entitlements for <IDEDistributionItem: 0x7fef4ac3ca30 'com.apple.dt.runtime.swiftFoundation' '<DVTFilePath:0x7fef4af3a830:'/Users/infoicon/Library/Developer/Xcode/Archives/2019-02-13/BoxLotPortal 13-02-19, 6.24 PM.xcarchive/Products/Applications/BoxLotPortal.app/Frameworks/libswiftFoundation.dylib'>'> to: /var/folders/t6/1k5t_cp943392vl2x753nn480000gn/T/XcodeDistPipeline.cVx/entitlementsbgRrvL
2019-02-13 12:57:04 +0000  Running /usr/bin/codesign '-vvv' '--force' '--sign' '4CFC2A8156A3764479847C869B3A49F8E73F11D7' '--preserve-metadata=identifier,flags' '--entitlements' '/var/folders/t6/1k5t_cp943392vl2x753nn480000gn/T/XcodeDistPipeline.cVx/entitlementsbgRrvL' '/var/folders/t6/1k5t_cp943392vl2x753nn480000gn/T/XcodeDistPipeline.cVx/Root/Payload/BoxLotPortal.app/Frameworks/libswiftFoundation.dylib'
2019-02-13 12:57:04 +0000  /var/folders/t6/1k5t_cp943392vl2x753nn480000gn/T/XcodeDistPipeline.cVx/Root/Payload/BoxLotPortal.app/Frameworks/libswiftFoundation.dylib: signed Mach-O universal (armv7 armv7s arm64) [com.apple.dt.runtime.swiftFoundation]
2019-02-13 12:57:04 +0000  2019-02-13 12:57:04 +0000  

2019-02-13 12:57:04 +0000  /usr/bin/codesign exited with 0
2019-02-13 12:57:04 +0000  2019-02-13 12:57:04 +0000  

2019-02-13 12:57:04 +0000  Entitlements for <IDEDistributionItem: 0x7fef4bb7c9d0 'com.apple.dt.runtime.swiftMetal' '<DVTFilePath:0x7fef4a8bbd00:'/Users/infoicon/Library/Developer/Xcode/Archives/2019-02-13/BoxLotPortal 13-02-19, 6.24 PM.xcarchive/Products/Applications/BoxLotPortal.app/Frameworks/libswiftMetal.dylib'>'>: {
}
2019-02-13 12:57:04 +0000  Writing entitlements for <IDEDistributionItem: 0x7fef4bb7c9d0 'com.apple.dt.runtime.swiftMetal' '<DVTFilePath:0x7fef4a8bbd00:'/Users/infoicon/Library/Developer/Xcode/Archives/2019-02-13/BoxLotPortal 13-02-19, 6.24 PM.xcarchive/Products/Applications/BoxLotPortal.app/Frameworks/libswiftMetal.dylib'>'> to: /var/folders/t6/1k5t_cp943392vl2x753nn480000gn/T/XcodeDistPipeline.cVx/entitlements9tVaeg
2019-02-13 12:57:04 +0000  Running /usr/bin/codesign '-vvv' '--force' '--sign' '4CFC2A8156A3764479847C869B3A49F8E73F11D7' '--preserve-metadata=identifier,flags' '--entitlements' '/var/folders/t6/1k5t_cp943392vl2x753nn480000gn/T/XcodeDistPipeline.cVx/entitlements9tVaeg' '/var/folders/t6/1k5t_cp943392vl2x753nn480000gn/T/XcodeDistPipeline.cVx/Root/Payload/BoxLotPortal.app/Frameworks/libswiftMetal.dylib'
2019-02-13 12:57:05 +0000  /var/folders/t6/1k5t_cp943392vl2x753nn480000gn/T/XcodeDistPipeline.cVx/Root/Payload/BoxLotPortal.app/Frameworks/libswiftMetal.dylib: signed Mach-O universal (armv7 armv7s arm64) [com.apple.dt.runtime.swiftMetal]
2019-02-13 12:57:05 +0000  
2019-02-13 12:57:05 +0000  
2019-02-13 12:57:05 +0000  2019-02-13 12:57:05 +0000  /usr/bin/codesign exited with 0

2019-02-13 12:57:05 +0000  
2019-02-13 12:57:05 +0000  Entitlements for <IDEDistributionItem: 0x7fef4b6c58f0 'com.apple.dt.runtime.swiftObjectiveC' '<DVTFilePath:0x7fef4aadd0c0:'/Users/infoicon/Library/Developer/Xcode/Archives/2019-02-13/BoxLotPortal 13-02-19, 6.24 PM.xcarchive/Products/Applications/BoxLotPortal.app/Frameworks/libswiftObjectiveC.dylib'>'>: {
}
2019-02-13 12:57:05 +0000  Writing entitlements for <IDEDistributionItem: 0x7fef4b6c58f0 'com.apple.dt.runtime.swiftObjectiveC' '<DVTFilePath:0x7fef4aadd0c0:'/Users/infoicon/Library/Developer/Xcode/Archives/2019-02-13/BoxLotPortal 13-02-19, 6.24 PM.xcarchive/Products/Applications/BoxLotPortal.app/Frameworks/libswiftObjectiveC.dylib'>'> to: /var/folders/t6/1k5t_cp943392vl2x753nn480000gn/T/XcodeDistPipeline.cVx/entitlementsBUpUYF
2019-02-13 12:57:05 +0000  Running /usr/bin/codesign '-vvv' '--force' '--sign' '4CFC2A8156A3764479847C869B3A49F8E73F11D7' '--preserve-metadata=identifier,flags' '--entitlements' '/var/folders/t6/1k5t_cp943392vl2x753nn480000gn/T/XcodeDistPipeline.cVx/entitlementsBUpUYF' '/var/folders/t6/1k5t_cp943392vl2x753nn480000gn/T/XcodeDistPipeline.cVx/Root/Payload/BoxLotPortal.app/Frameworks/libswiftObjectiveC.dylib'
2019-02-13 12:57:05 +0000  /var/folders/t6/1k5t_cp943392vl2x753nn480000gn/T/XcodeDistPipeline.cVx/Root/Payload/BoxLotPortal.app/Frameworks/libswiftObjectiveC.dylib: signed Mach-O universal (armv7 armv7s arm64) [com.apple.dt.runtime.swiftObjectiveC]
2019-02-13 12:57:05 +0000  
2019-02-13 12:57:05 +0000  
2019-02-13 12:57:05 +0000  
2019-02-13 12:57:05 +0000  2019-02-13 12:57:05 +0000  /usr/bin/codesign exited with 0

2019-02-13 12:57:05 +0000  
2019-02-13 12:57:05 +0000  Entitlements for <IDEDistributionItem: 0x7fef484c3d20 'com.apple.dt.runtime.swiftQuartzCore' '<DVTFilePath:0x7fef4509d210:'/Users/infoicon/Library/Developer/Xcode/Archives/2019-02-13/BoxLotPortal 13-02-19, 6.24 PM.xcarchive/Products/Applications/BoxLotPortal.app/Frameworks/libswiftQuartzCore.dylib'>'>: {
}
2019-02-13 12:57:05 +0000  Writing entitlements for <IDEDistributionItem: 0x7fef484c3d20 'com.apple.dt.runtime.swiftQuartzCore' '<DVTFilePath:0x7fef4509d210:'/Users/infoicon/Library/Developer/Xcode/Archives/2019-02-13/BoxLotPortal 13-02-19, 6.24 PM.xcarchive/Products/Applications/BoxLotPortal.app/Frameworks/libswiftQuartzCore.dylib'>'> to: /var/folders/t6/1k5t_cp943392vl2x753nn480000gn/T/XcodeDistPipeline.cVx/entitlementslGwp4e
2019-02-13 12:57:05 +0000  Running /usr/bin/codesign '-vvv' '--force' '--sign' '4CFC2A8156A3764479847C869B3A49F8E73F11D7' '--preserve-metadata=identifier,flags' '--entitlements' '/var/folders/t6/1k5t_cp943392vl2x753nn480000gn/T/XcodeDistPipeline.cVx/entitlementslGwp4e' '/var/folders/t6/1k5t_cp943392vl2x753nn480000gn/T/XcodeDistPipeline.cVx/Root/Payload/BoxLotPortal.app/Frameworks/libswiftQuartzCore.dylib'
2019-02-13 12:57:05 +0000  /var/folders/t6/1k5t_cp943392vl2x753nn480000gn/T/XcodeDistPipeline.cVx/Root/Payload/BoxLotPortal.app/Frameworks/libswiftQuartzCore.dylib: signed Mach-O universal (armv7 armv7s arm64) [com.apple.dt.runtime.swiftQuartzCore]
2019-02-13 12:57:05 +0000  
2019-02-13 12:57:05 +0000  
2019-02-13 12:57:05 +0000  2019-02-13 12:57:05 +0000  /usr/bin/codesign exited with 0

2019-02-13 12:57:05 +0000  
2019-02-13 12:57:05 +0000  Entitlements for <IDEDistributionItem: 0x7fef49e91930 'com.apple.dt.runtime.swiftUIKit' '<DVTFilePath:0x7fef5ee17750:'/Users/infoicon/Library/Developer/Xcode/Archives/2019-02-13/BoxLotPortal 13-02-19, 6.24 PM.xcarchive/Products/Applications/BoxLotPortal.app/Frameworks/libswiftUIKit.dylib'>'>: {
}
2019-02-13 12:57:05 +0000  Writing entitlements for <IDEDistributionItem: 0x7fef49e91930 'com.apple.dt.runtime.swiftUIKit' '<DVTFilePath:0x7fef5ee17750:'/Users/infoicon/Library/Developer/Xcode/Archives/2019-02-13/BoxLotPortal 13-02-19, 6.24 PM.xcarchive/Products/Applications/BoxLotPortal.app/Frameworks/libswiftUIKit.dylib'>'> to: /var/folders/t6/1k5t_cp943392vl2x753nn480000gn/T/XcodeDistPipeline.cVx/entitlementstPIFKF
2019-02-13 12:57:05 +0000  Running /usr/bin/codesign '-vvv' '--force' '--sign' '4CFC2A8156A3764479847C869B3A49F8E73F11D7' '--preserve-metadata=identifier,flags' '--entitlements' '/var/folders/t6/1k5t_cp943392vl2x753nn480000gn/T/XcodeDistPipeline.cVx/entitlementstPIFKF' '/var/folders/t6/1k5t_cp943392vl2x753nn480000gn/T/XcodeDistPipeline.cVx/Root/Payload/BoxLotPortal.app/Frameworks/libswiftUIKit.dylib'
2019-02-13 12:57:06 +0000  /var/folders/t6/1k5t_cp943392vl2x753nn480000gn/T/XcodeDistPipeline.cVx/Root/Payload/BoxLotPortal.app/Frameworks/libswiftUIKit.dylib: signed Mach-O universal (armv7 armv7s arm64) [com.apple.dt.runtime.swiftUIKit]
2019-02-13 12:57:06 +0000  
2019-02-13 12:57:06 +0000  2019-02-13 12:57:06 +0000  /usr/bin/codesign exited with 0

2019-02-13 12:57:06 +0000  
2019-02-13 12:57:06 +0000  Entitlements for <IDEDistributionItem: 0x7fef4b1837d0 'com.apple.dt.runtime.swiftos' '<DVTFilePath:0x7fef6219b330:'/Users/infoicon/Library/Developer/Xcode/Archives/2019-02-13/BoxLotPortal 13-02-19, 6.24 PM.xcarchive/Products/Applications/BoxLotPortal.app/Frameworks/libswiftos.dylib'>'>: {
}
2019-02-13 12:57:06 +0000  Writing entitlements for <IDEDistributionItem: 0x7fef4b1837d0 'com.apple.dt.runtime.swiftos' '<DVTFilePath:0x7fef6219b330:'/Users/infoicon/Library/Developer/Xcode/Archives/2019-02-13/BoxLotPortal 13-02-19, 6.24 PM.xcarchive/Products/Applications/BoxLotPortal.app/Frameworks/libswiftos.dylib'>'> to: /var/folders/t6/1k5t_cp943392vl2x753nn480000gn/T/XcodeDistPipeline.cVx/entitlements7FwdRY
2019-02-13 12:57:06 +0000  Running /usr/bin/codesign '-vvv' '--force' '--sign' '4CFC2A8156A3764479847C869B3A49F8E73F11D7' '--preserve-metadata=identifier,flags' '--entitlements' '/var/folders/t6/1k5t_cp943392vl2x753nn480000gn/T/XcodeDistPipeline.cVx/entitlements7FwdRY' '/var/folders/t6/1k5t_cp943392vl2x753nn480000gn/T/XcodeDistPipeline.cVx/Root/Payload/BoxLotPortal.app/Frameworks/libswiftos.dylib'
2019-02-13 12:57:06 +0000  /var/folders/t6/1k5t_cp943392vl2x753nn480000gn/T/XcodeDistPipeline.cVx/Root/Payload/BoxLotPortal.app/Frameworks/libswiftos.dylib: signed Mach-O universal (armv7 armv7s arm64) [com.apple.dt.runtime.swiftos]
2019-02-13 12:57:06 +0000  
2019-02-13 12:57:06 +0000  
2019-02-13 12:57:06 +0000  /usr/bin/codesign exited with 02019-02-13 12:57:06 +0000  

2019-02-13 12:57:06 +0000  
2019-02-13 12:57:06 +0000  Entitlements for <IDEDistributionItem: 0x7fef4843fb90 'com.bernstein.far' '<DVTFilePath:0x7fef46224b90:'/Users/infoicon/Library/Developer/Xcode/Archives/2019-02-13/BoxLotPortal 13-02-19, 6.24 PM.xcarchive/Products/Applications/BoxLotPortal.app'>'>: {
    "application-identifier" = "6V5TTCPVEW.com.bernstein.far";
    "com.apple.developer.team-identifier" = 6V5TTCPVEW;
    "get-task-allow" = 1;
    "keychain-access-groups" =     (
        "6V5TTCPVEW.com.bernstein.far"
    );
}
2019-02-13 12:57:06 +0000  Writing entitlements for <IDEDistributionItem: 0x7fef4843fb90 'com.bernstein.far' '<DVTFilePath:0x7fef46224b90:'/Users/infoicon/Library/Developer/Xcode/Archives/2019-02-13/BoxLotPortal 13-02-19, 6.24 PM.xcarchive/Products/Applications/BoxLotPortal.app'>'> to: /var/folders/t6/1k5t_cp943392vl2x753nn480000gn/T/XcodeDistPipeline.cVx/entitlementsX8uJTc
2019-02-13 12:57:06 +0000  Running /usr/bin/codesign '-vvv' '--force' '--sign' '4CFC2A8156A3764479847C869B3A49F8E73F11D7' '--preserve-metadata=identifier,flags' '--entitlements' '/var/folders/t6/1k5t_cp943392vl2x753nn480000gn/T/XcodeDistPipeline.cVx/entitlementsX8uJTc' '/var/folders/t6/1k5t_cp943392vl2x753nn480000gn/T/XcodeDistPipeline.cVx/Root/Payload/BoxLotPortal.app'
2019-02-13 12:57:07 +0000  /var/folders/t6/1k5t_cp943392vl2x753nn480000gn/T/XcodeDistPipeline.cVx/Root/Payload/BoxLotPortal.app: signed app bundle with Mach-O universal (armv7 arm64) [com.bernstein.far]
2019-02-13 12:57:07 +0000  
2019-02-13 12:57:07 +0000  
2019-02-13 12:57:07 +0000  2019-02-13 12:57:07 +0000  /usr/bin/codesign exited with 0

2019-02-13 12:57:07 +0000  
2019-02-13 12:57:07 +0000  
2019-02-13 12:57:07 +0000  Processing step: IDEDistributionStreamingZipItemStep
2019-02-13 12:57:07 +0000  Skipping step: IDEDistributionStreamingZipItemStep because it said so
2019-02-13 12:57:07 +0000  Skipping step: IDEDistributionStreamingZipItemStep because it said so
2019-02-13 12:57:07 +0000  Skipping step: IDEDistributionStreamingZipItemStep because it said so
2019-02-13 12:57:07 +0000  Skipping step: IDEDistributionStreamingZipItemStep because it said so
2019-02-13 12:57:07 +0000  Skipping step: IDEDistributionStreamingZipItemStep because it said so
2019-02-13 12:57:07 +0000  Skipping step: IDEDistributionStreamingZipItemStep because it said so
2019-02-13 12:57:07 +0000  Skipping step: IDEDistributionStreamingZipItemStep because it said so
2019-02-13 12:57:07 +0000  Skipping step: IDEDistributionStreamingZipItemStep because it said so
2019-02-13 12:57:07 +0000  Skipping step: IDEDistributionStreamingZipItemStep because it said so
2019-02-13 12:57:07 +0000  Skipping step: IDEDistributionStreamingZipItemStep because it said so
2019-02-13 12:57:07 +0000  Skipping step: IDEDistributionStreamingZipItemStep because it said so
2019-02-13 12:57:07 +0000  Skipping step: IDEDistributionStreamingZipItemStep because it said so
2019-02-13 12:57:07 +0000  Skipping step: IDEDistributionStreamingZipItemStep because it said so
2019-02-13 12:57:07 +0000  Skipping step: IDEDistributionStreamingZipItemStep because it said so
2019-02-13 12:57:07 +0000  Skipping step: IDEDistributionStreamingZipItemStep because it said so
2019-02-13 12:57:07 +0000  Skipping step: IDEDistributionStreamingZipItemStep because it said so
2019-02-13 12:57:07 +0000  Skipping step: IDEDistributionStreamingZipItemStep because it said so
2019-02-13 12:57:07 +0000  Processing step: IDEDistributionCreateIPAStep
2019-02-13 12:57:07 +0000  Running /usr/bin/ditto '-V' '-c' '-k' '--norsrc' '/var/folders/t6/1k5t_cp943392vl2x753nn480000gn/T/XcodeDistPipeline.cVx/Root' '/var/folders/t6/1k5t_cp943392vl2x753nn480000gn/T/XcodeDistPipeline.cVx/Packages/BoxLotPortal.ipa'
2019-02-13 12:57:07 +0000  >>> Copying /var/folders/t6/1k5t_cp943392vl2x753nn480000gn/T/XcodeDistPipeline.cVx/Root 
2019-02-13 12:57:07 +0000  copying file ./Payload/BoxLotPortal.app/_CodeSignature/CodeResources ... 
2019-02-13 12:57:07 +0000  30383 bytes for ./Payload/BoxLotPortal.app/_CodeSignature/CodeResources
2019-02-13 12:57:07 +0000  copying file ./Payload/BoxLotPortal.app/AppIcon20x20@2x.png ... 
2019-02-13 12:57:07 +0000  1400 bytes for ./Payload/BoxLotPortal.app/AppIcon20x20@2x.png
copying file ./Payload/BoxLotPortal.app/AppIcon20x20@3x.png ... 
2019-02-13 12:57:07 +0000  2064 bytes for ./Payload/BoxLotPortal.app/AppIcon20x20@3x.png
2019-02-13 12:57:07 +0000  copying file ./Payload/BoxLotPortal.app/AppIcon29x29@2x.png ... 
2019-02-13 12:57:07 +0000  1988 bytes for ./Payload/BoxLotPortal.app/AppIcon29x29@2x.png
copying file ./Payload/BoxLotPortal.app/AppIcon29x29@3x.png ... 
2019-02-13 12:57:07 +0000  3215 bytes for ./Payload/BoxLotPortal.app/AppIcon29x29@3x.png
copying file ./Payload/BoxLotPortal.app/AppIcon40x40@2x.png ... 
2019-02-13 12:57:07 +0000  2972 bytes for ./Payload/BoxLotPortal.app/AppIcon40x40@2x.png
copying file ./Payload/BoxLotPortal.app/AppIcon40x40@3x.png ... 
2019-02-13 12:57:07 +0000  4314 bytes for ./Payload/BoxLotPortal.app/AppIcon40x40@3x.png
2019-02-13 12:57:07 +0000  copying file ./Payload/BoxLotPortal.app/AppIcon60x60@2x.png ... 
2019-02-13 12:57:07 +0000  4314 bytes for ./Payload/BoxLotPortal.app/AppIcon60x60@2x.png
copying file ./Payload/BoxLotPortal.app/AppIcon60x60@3x.png ... 
2019-02-13 12:57:07 +0000  6610 bytes for ./Payload/BoxLotPortal.app/AppIcon60x60@3x.png
2019-02-13 12:57:07 +0000  copying file ./Payload/BoxLotPortal.app/Assets.car ... 
2019-02-13 12:57:07 +0000  2512728 bytes for ./Payload/BoxLotPortal.app/Assets.car
2019-02-13 12:57:07 +0000  copying file ./Payload/BoxLotPortal.app/Base.lproj/LaunchScreen.storyboardc/01J-lp-oVM-view-Ze5-6b-2t3.nib ... 
2019-02-13 12:57:07 +0000  1984 bytes for ./Payload/BoxLotPortal.app/Base.lproj/LaunchScreen.storyboardc/01J-lp-oVM-view-Ze5-6b-2t3.nib
copying file ./Payload/BoxLotPortal.app/Base.lproj/LaunchScreen.storyboardc/Info.plist ... 
258 bytes for ./Payload/BoxLotPortal.app/Base.lproj/LaunchScreen.storyboardc/Info.plist
2019-02-13 12:57:07 +0000  copying file ./Payload/BoxLotPortal.app/Base.lproj/LaunchScreen.storyboardc/UIViewController-01J-lp-oVM.nib ... 
832 bytes for ./Payload/BoxLotPortal.app/Base.lproj/LaunchScreen.storyboardc/UIViewController-01J-lp-oVM.nib
2019-02-13 12:57:07 +0000  copying file ./Payload/BoxLotPortal.app/Base.lproj/Main.storyboardc/1S2-oh-wjN-view-tdo-mm-mWK.nib/objects-11.0+.nib ... 
2019-02-13 12:57:07 +0000  22557 bytes for ./Payload/BoxLotPortal.app/Base.lproj/Main.storyboardc/1S2-oh-wjN-view-tdo-mm-mWK.nib/objects-11.0+.nib
copying file ./Payload/BoxLotPortal.app/Base.lproj/Main.storyboardc/1S2-oh-wjN-view-tdo-mm-mWK.nib/runtime.nib ... 
2019-02-13 12:57:07 +0000  22765 bytes for ./Payload/BoxLotPortal.app/Base.lproj/Main.storyboardc/1S2-oh-wjN-view-tdo-mm-mWK.nib/runtime.nib
2019-02-13 12:57:07 +0000  copying file ./Payload/BoxLotPortal.app/Base.lproj/Main.storyboardc/8VY-yj-RDX-view-fJu-n0-CB9.nib/objects-11.0+.nib ... 
2019-02-13 12:57:07 +0000  7578 bytes for ./Payload/BoxLotPortal.app/Base.lproj/Main.storyboardc/8VY-yj-RDX-view-fJu-n0-CB9.nib/objects-11.0+.nib
copying file ./Payload/BoxLotPortal.app/Base.lproj/Main.storyboardc/8VY-yj-RDX-view-fJu-n0-CB9.nib/runtime.nib ... 
2019-02-13 12:57:07 +0000  7691 bytes for ./Payload/BoxLotPortal.app/Base.lproj/Main.storyboardc/8VY-yj-RDX-view-fJu-n0-CB9.nib/runtime.nib
2019-02-13 12:57:07 +0000  copying file ./Payload/BoxLotPortal.app/Base.lproj/Main.storyboardc/BYZ-38-t0r-view-8bC-Xf-vdC.nib/objects-11.0+.nib ... 
2019-02-13 12:57:07 +0000  11668 bytes for ./Payload/BoxLotPortal.app/Base.lproj/Main.storyboardc/BYZ-38-t0r-view-8bC-Xf-vdC.nib/objects-11.0+.nib
2019-02-13 12:57:07 +0000  copying file ./Payload/BoxLotPortal.app/Base.lproj/Main.storyboardc/BYZ-38-t0r-view-8bC-Xf-vdC.nib/runtime.nib ... 
2019-02-13 12:57:07 +0000  11794 bytes for ./Payload/BoxLotPortal.app/Base.lproj/Main.storyboardc/BYZ-38-t0r-view-8bC-Xf-vdC.nib/runtime.nib
2019-02-13 12:57:07 +0000  copying file ./Payload/BoxLotPortal.app/Base.lproj/Main.storyboardc/CheakOutVC.nib/objects-11.0+.nib ... 
2019-02-13 12:57:07 +0000  1025 bytes for ./Payload/BoxLotPortal.app/Base.lproj/Main.storyboardc/CheakOutVC.nib/objects-11.0+.nib
copying file ./Payload/BoxLotPortal.app/Base.lproj/Main.storyboardc/CheakOutVC.nib/runtime.nib ... 
2019-02-13 12:57:07 +0000  1025 bytes for ./Payload/BoxLotPortal.app/Base.lproj/Main.storyboardc/CheakOutVC.nib/runtime.nib
2019-02-13 12:57:07 +0000  copying file ./Payload/BoxLotPortal.app/Base.lproj/Main.storyboardc/FxX-GA-r25-view-DYh-Eo-oCk.nib/objects-11.0+.nib ... 
2019-02-13 12:57:07 +0000  7100 bytes for ./Payload/BoxLotPortal.app/Base.lproj/Main.storyboardc/FxX-GA-r25-view-DYh-Eo-oCk.nib/objects-11.0+.nib
2019-02-13 12:57:07 +0000  copying file ./Payload/BoxLotPortal.app/Base.lproj/Main.storyboardc/FxX-GA-r25-view-DYh-Eo-oCk.nib/runtime.nib ... 
2019-02-13 12:57:07 +0000  7319 bytes for ./Payload/BoxLotPortal.app/Base.lproj/Main.storyboardc/FxX-GA-r25-view-DYh-Eo-oCk.nib/runtime.nib
2019-02-13 12:57:07 +0000  copying file ./Payload/BoxLotPortal.app/Base.lproj/Main.storyboardc/Info.plist ... 
485 bytes for ./Payload/BoxLotPortal.app/Base.lproj/Main.storyboardc/Info.plist
2019-02-13 12:57:07 +0000  copying file ./Payload/BoxLotPortal.app/Base.lproj/Main.storyboardc/OrderStatusVC.nib/objects-11.0+.nib ... 
2019-02-13 12:57:07 +0000  1031 bytes for ./Payload/BoxLotPortal.app/Base.lproj/Main.storyboardc/OrderStatusVC.nib/objects-11.0+.nib
copying file ./Payload/BoxLotPortal.app/Base.lproj/Main.storyboardc/OrderStatusVC.nib/runtime.nib ... 
2019-02-13 12:57:07 +0000  1031 bytes for ./Payload/BoxLotPortal.app/Base.lproj/Main.storyboardc/OrderStatusVC.nib/runtime.nib
2019-02-13 12:57:07 +0000  copying file ./Payload/BoxLotPortal.app/Base.lproj/Main.storyboardc/RoseAkitoVC.nib/objects-11.0+.nib ... 
2019-02-13 12:57:07 +0000  13465 bytes for ./Payload/BoxLotPortal.app/Base.lproj/Main.storyboardc/RoseAkitoVC.nib/objects-11.0+.nib
2019-02-13 12:57:07 +0000  copying file ./Payload/BoxLotPortal.app/Base.lproj/Main.storyboardc/RoseAkitoVC.nib/runtime.nib ... 
2019-02-13 12:57:07 +0000  12996 bytes for ./Payload/BoxLotPortal.app/Base.lproj/Main.storyboardc/RoseAkitoVC.nib/runtime.nib
2019-02-13 12:57:07 +0000  copying file ./Payload/BoxLotPortal.app/Base.lproj/Main.storyboardc/SearchByColorVC.nib/objects-11.0+.nib ... 
2019-02-13 12:57:07 +0000  17678 bytes for ./Payload/BoxLotPortal.app/Base.lproj/Main.storyboardc/SearchByColorVC.nib/objects-11.0+.nib
2019-02-13 12:57:07 +0000  copying file ./Payload/BoxLotPortal.app/Base.lproj/Main.storyboardc/SearchByColorVC.nib/runtime.nib ... 
2019-02-13 12:57:07 +0000  17093 bytes for ./Payload/BoxLotPortal.app/Base.lproj/Main.storyboardc/SearchByColorVC.nib/runtime.nib
2019-02-13 12:57:07 +0000  copying file ./Payload/BoxLotPortal.app/Base.lproj/Main.storyboardc/SerchVC.nib/objects-11.0+.nib ... 
2019-02-13 12:57:07 +0000  1018 bytes for ./Payload/BoxLotPortal.app/Base.lproj/Main.storyboardc/SerchVC.nib/objects-11.0+.nib
copying file ./Payload/BoxLotPortal.app/Base.lproj/Main.storyboardc/SerchVC.nib/runtime.nib ... 
2019-02-13 12:57:07 +0000  1018 bytes for ./Payload/BoxLotPortal.app/Base.lproj/Main.storyboardc/SerchVC.nib/runtime.nib
copying file ./Payload/BoxLotPortal.app/Base.lproj/Main.storyboardc/ues-9R-MD0-view-haz-OL-T4A.nib/objects-11.0+.nib ... 
2019-02-13 12:57:07 +0000  28607 bytes for ./Payload/BoxLotPortal.app/Base.lproj/Main.storyboardc/ues-9R-MD0-view-haz-OL-T4A.nib/objects-11.0+.nib
copying file ./Payload/BoxLotPortal.app/Base.lproj/Main.storyboardc/ues-9R-MD0-view-haz-OL-T4A.nib/runtime.nib ... 
2019-02-13 12:57:07 +0000  28830 bytes for ./Payload/BoxLotPortal.app/Base.lproj/Main.storyboardc/ues-9R-MD0-view-haz-OL-T4A.nib/runtime.nib
2019-02-13 12:57:07 +0000  copying file ./Payload/BoxLotPortal.app/Base.lproj/Main.storyboardc/UINavigationController-7N9-jd-o45.nib/objects-11.0+.nib ... 
2019-02-13 12:57:07 +0000  18218 bytes for ./Payload/BoxLotPortal.app/Base.lproj/Main.storyboardc/UINavigationController-7N9-jd-o45.nib/objects-11.0+.nib
copying file ./Payload/BoxLotPortal.app/Base.lproj/Main.storyboardc/UINavigationController-7N9-jd-o45.nib/runtime.nib ... 
2019-02-13 12:57:07 +0000  17627 bytes for ./Payload/BoxLotPortal.app/Base.lproj/Main.storyboardc/UINavigationController-7N9-jd-o45.nib/runtime.nib
2019-02-13 12:57:07 +0000  copying file ./Payload/BoxLotPortal.app/Base.lproj/Main.storyboardc/ViewControllerVC.nib/objects-11.0+.nib ... 
2019-02-13 12:57:07 +0000  1113 bytes for ./Payload/BoxLotPortal.app/Base.lproj/Main.storyboardc/ViewControllerVC.nib/objects-11.0+.nib
copying file ./Payload/BoxLotPortal.app/Base.lproj/Main.storyboardc/ViewControllerVC.nib/runtime.nib ... 
2019-02-13 12:57:07 +0000  1113 bytes for ./Payload/BoxLotPortal.app/Base.lproj/Main.storyboardc/ViewControllerVC.nib/runtime.nib
copying file ./Payload/BoxLotPortal.app/Base.lproj/Main.storyboardc/y34-Xh-sSe-view-4JV-wx-lg5.nib/objects-11.0+.nib ... 
2019-02-13 12:57:07 +0000  16345 bytes for ./Payload/BoxLotPortal.app/Base.lproj/Main.storyboardc/y34-Xh-sSe-view-4JV-wx-lg5.nib/objects-11.0+.nib
copying file ./Payload/BoxLotPortal.app/Base.lproj/Main.storyboardc/y34-Xh-sSe-view-4JV-wx-lg5.nib/runtime.nib ... 
2019-02-13 12:57:07 +0000  16470 bytes for ./Payload/BoxLotPortal.app/Base.lproj/Main.storyboardc/y34-Xh-sSe-view-4JV-wx-lg5.nib/runtime.nib
2019-02-13 12:57:07 +0000  copying file ./Payload/BoxLotPortal.app/BoxLotPortal ... 
2019-02-13 12:57:07 +0000  526864 bytes for ./Payload/BoxLotPortal.app/BoxLotPortal
copying file ./Payload/BoxLotPortal.app/embedded.mobileprovision ... 
2019-02-13 12:57:07 +0000  9719 bytes for ./Payload/BoxLotPortal.app/embedded.mobileprovision
2019-02-13 12:57:07 +0000  copying file ./Payload/BoxLotPortal.app/Frameworks/Alamofire.framework/_CodeSignature/CodeResources ... 
2019-02-13 12:57:07 +0000  2202 bytes for ./Payload/BoxLotPortal.app/Frameworks/Alamofire.framework/_CodeSignature/CodeResources
2019-02-13 12:57:07 +0000  copying file ./Payload/BoxLotPortal.app/Frameworks/Alamofire.framework/Alamofire ... 
2019-02-13 12:57:07 +0000  2703632 bytes for ./Payload/BoxLotPortal.app/Frameworks/Alamofire.framework/Alamofire
copying file ./Payload/BoxLotPortal.app/Frameworks/Alamofire.framework/Info.plist ... 
2019-02-13 12:57:07 +0000  741 bytes for ./Payload/BoxLotPortal.app/Frameworks/Alamofire.framework/Info.plist
2019-02-13 12:57:07 +0000  copying file ./Payload/BoxLotPortal.app/Frameworks/AlamofireImage.framework/_CodeSignature/CodeResources ... 
2019-02-13 12:57:07 +0000  2202 bytes for ./Payload/BoxLotPortal.app/Frameworks/AlamofireImage.framework/_CodeSignature/CodeResources
2019-02-13 12:57:07 +0000  copying file ./Payload/BoxLotPortal.app/Frameworks/AlamofireImage.framework/AlamofireImage ... 
2019-02-13 12:57:07 +0000  1303088 bytes for ./Payload/BoxLotPortal.app/Frameworks/AlamofireImage.framework/AlamofireImage
2019-02-13 12:57:07 +0000  copying file ./Payload/BoxLotPortal.app/Frameworks/AlamofireImage.framework/Info.plist ... 
2019-02-13 12:57:07 +0000  751 bytes for ./Payload/BoxLotPortal.app/Frameworks/AlamofireImage.framework/Info.plist
copying file ./Payload/BoxLotPortal.app/Frameworks/DatePickerDialog.framework/_CodeSignature/CodeResources ... 
2019-02-13 12:57:07 +0000  2202 bytes for ./Payload/BoxLotPortal.app/Frameworks/DatePickerDialog.framework/_CodeSignature/CodeResources
copying file ./Payload/BoxLotPortal.app/Frameworks/DatePickerDialog.framework/DatePickerDialog ... 
2019-02-13 12:57:07 +0000  395200 bytes for ./Payload/BoxLotPortal.app/Frameworks/DatePickerDialog.framework/DatePickerDialog
copying file ./Payload/BoxLotPortal.app/Frameworks/DatePickerDialog.framework/Info.plist ... 
2019-02-13 12:57:07 +0000  757 bytes for ./Payload/BoxLotPortal.app/Frameworks/DatePickerDialog.framework/Info.plist
2019-02-13 12:57:07 +0000  copying file ./Payload/BoxLotPortal.app/Frameworks/IQKeyboardManagerSwift.framework/_CodeSignature/CodeResources ... 
2019-02-13 12:57:07 +0000  5102 bytes for ./Payload/BoxLotPortal.app/Frameworks/IQKeyboardManagerSwift.framework/_CodeSignature/CodeResources
copying file ./Payload/BoxLotPortal.app/Frameworks/IQKeyboardManagerSwift.framework/Info.plist ... 
2019-02-13 12:57:07 +0000  769 bytes for ./Payload/BoxLotPortal.app/Frameworks/IQKeyboardManagerSwift.framework/Info.plist
copying file ./Payload/BoxLotPortal.app/Frameworks/IQKeyboardManagerSwift.framework/IQKeyboardManager.bundle/IQButtonBarArrowDown@2x.png ... 
2019-02-13 12:57:07 +0000  1764 bytes for ./Payload/BoxLotPortal.app/Frameworks/IQKeyboardManagerSwift.framework/IQKeyboardManager.bundle/IQButtonBarArrowDown@2x.png
2019-02-13 12:57:07 +0000  copying file ./Payload/BoxLotPortal.app/Frameworks/IQKeyboardManagerSwift.framework/IQKeyboardManager.bundle/IQButtonBarArrowDown@3x.png ... 
2019-02-13 12:57:07 +0000  2177 bytes for ./Payload/BoxLotPortal.app/Frameworks/IQKeyboardManagerSwift.framework/IQKeyboardManager.bundle/IQButtonBarArrowDown@3x.png
copying file ./Payload/BoxLotPortal.app/Frameworks/IQKeyboardManagerSwift.framework/IQKeyboardManager.bundle/IQButtonBarArrowLeft@2x.png ... 
2019-02-13 12:57:07 +0000  1793 bytes for ./Payload/BoxLotPortal.app/Frameworks/IQKeyboardManagerSwift.framework/IQKeyboardManager.bundle/IQButtonBarArrowLeft@2x.png
copying file ./Payload/BoxLotPortal.app/Frameworks/IQKeyboardManagerSwift.framework/IQKeyboardManager.bundle/IQButtonBarArrowLeft@3x.png ... 
2019-02-13 12:57:07 +0000  1815 bytes for ./Payload/BoxLotPortal.app/Frameworks/IQKeyboardManagerSwift.framework/IQKeyboardManager.bundle/IQButtonBarArrowLeft@3x.png
copying file ./Payload/BoxLotPortal.app/Frameworks/IQKeyboardManagerSwift.framework/IQKeyboardManager.bundle/IQButtonBarArrowRight@2x.png ... 
2019-02-13 12:57:07 +0000  1786 bytes for ./Payload/BoxLotPortal.app/Frameworks/IQKeyboardManagerSwift.framework/IQKeyboardManager.bundle/IQButtonBarArrowRight@2x.png
copying file ./Payload/BoxLotPortal.app/Frameworks/IQKeyboardManagerSwift.framework/IQKeyboardManager.bundle/IQButtonBarArrowRight@3x.png ... 
2019-02-13 12:57:07 +0000  1844 bytes for ./Payload/BoxLotPortal.app/Frameworks/IQKeyboardManagerSwift.framework/IQKeyboardManager.bundle/IQButtonBarArrowRight@3x.png
copying file ./Payload/BoxLotPortal.app/Frameworks/IQKeyboardManagerSwift.framework/IQKeyboardManager.bundle/IQButtonBarArrowUp@2x.png ... 
2019-02-13 12:57:07 +0000  1769 bytes for ./Payload/BoxLotPortal.app/Frameworks/IQKeyboardManagerSwift.framework/IQKeyboardManager.bundle/IQButtonBarArrowUp@2x.png
2019-02-13 12:57:07 +0000  copying file ./Payload/BoxLotPortal.app/Frameworks/IQKeyboardManagerSwift.framework/IQKeyboardManager.bundle/IQButtonBarArrowUp@3x.png ... 
2019-02-13 12:57:07 +0000  2164 bytes for ./Payload/BoxLotPortal.app/Frameworks/IQKeyboardManagerSwift.framework/IQKeyboardManager.bundle/IQButtonBarArrowUp@3x.png
copying file ./Payload/BoxLotPortal.app/Frameworks/IQKeyboardManagerSwift.framework/IQKeyboardManagerSwift ... 
2019-02-13 12:57:07 +0000  1653552 bytes for ./Payload/BoxLotPortal.app/Frameworks/IQKeyboardManagerSwift.framework/IQKeyboardManagerSwift
2019-02-13 12:57:07 +0000  copying file ./Payload/BoxLotPortal.app/Frameworks/libswiftCore.dylib ... 
2019-02-13 12:57:08 +0000  18072864 bytes for ./Payload/BoxLotPortal.app/Frameworks/libswiftCore.dylib
copying file ./Payload/BoxLotPortal.app/Frameworks/libswiftCoreFoundation.dylib ... 
2019-02-13 12:57:08 +0000  250512 bytes for ./Payload/BoxLotPortal.app/Frameworks/libswiftCoreFoundation.dylib
copying file ./Payload/BoxLotPortal.app/Frameworks/libswiftCoreGraphics.dylib ... 
2019-02-13 12:57:08 +0000  650720 bytes for ./Payload/BoxLotPortal.app/Frameworks/libswiftCoreGraphics.dylib
2019-02-13 12:57:08 +0000  copying file ./Payload/BoxLotPortal.app/Frameworks/libswiftCoreImage.dylib ... 
2019-02-13 12:57:08 +0000  251040 bytes for ./Payload/BoxLotPortal.app/Frameworks/libswiftCoreImage.dylib
2019-02-13 12:57:09 +0000  copying file ./Payload/BoxLotPortal.app/Frameworks/libswiftDarwin.dylib ... 
403856 bytes for ./Payload/BoxLotPortal.app/Frameworks/libswiftDarwin.dylib
copying file ./Payload/BoxLotPortal.app/Frameworks/libswiftDispatch.dylib ... 
987472 bytes for ./Payload/BoxLotPortal.app/Frameworks/libswiftDispatch.dylib
copying file ./Payload/BoxLotPortal.app/Frameworks/libswiftFoundation.dylib ... 
2019-02-13 12:57:09 +0000  8570016 bytes for ./Payload/BoxLotPortal.app/Frameworks/libswiftFoundation.dylib
copying file ./Payload/BoxLotPortal.app/Frameworks/libswiftMetal.dylib ... 
2019-02-13 12:57:09 +0000  260816 bytes for ./Payload/BoxLotPortal.app/Frameworks/libswiftMetal.dylib
copying file ./Payload/BoxLotPortal.app/Frameworks/libswiftObjectiveC.dylib ... 
2019-02-13 12:57:09 +0000  300080 bytes for ./Payload/BoxLotPortal.app/Frameworks/libswiftObjectiveC.dylib
copying file ./Payload/BoxLotPortal.app/Frameworks/libswiftos.dylib ... 
2019-02-13 12:57:09 +0000  259728 bytes for ./Payload/BoxLotPortal.app/Frameworks/libswiftos.dylib
copying file ./Payload/BoxLotPortal.app/Frameworks/libswiftQuartzCore.dylib ... 
2019-02-13 12:57:09 +0000  254032 bytes for ./Payload/BoxLotPortal.app/Frameworks/libswiftQuartzCore.dylib
copying file ./Payload/BoxLotPortal.app/Frameworks/libswiftUIKit.dylib ... 
2019-02-13 12:57:09 +0000  460064 bytes for ./Payload/BoxLotPortal.app/Frameworks/libswiftUIKit.dylib
2019-02-13 12:57:09 +0000  copying file ./Payload/BoxLotPortal.app/Info.plist ... 
1864 bytes for ./Payload/BoxLotPortal.app/Info.plist
copying file ./Payload/BoxLotPortal.app/LaunchImage-1100-Portrait-2436h@3x.png ... 
2019-02-13 12:57:09 +0000  1488696 bytes for ./Payload/BoxLotPortal.app/LaunchImage-1100-Portrait-2436h@3x.png
copying file ./Payload/BoxLotPortal.app/LaunchImage-700-568h@2x.png ... 
2019-02-13 12:57:09 +0000  536724 bytes for ./Payload/BoxLotPortal.app/LaunchImage-700-568h@2x.png
copying file ./Payload/BoxLotPortal.app/LaunchImage-700@2x.png ... 
2019-02-13 12:57:09 +0000  403530 bytes for ./Payload/BoxLotPortal.app/LaunchImage-700@2x.png
copying file ./Payload/BoxLotPortal.app/LaunchImage-800-667h@2x.png ... 
2019-02-13 12:57:09 +0000  697088 bytes for ./Payload/BoxLotPortal.app/LaunchImage-800-667h@2x.png
copying file ./Payload/BoxLotPortal.app/LaunchImage-800-Portrait-736h@3x.png ... 
2019-02-13 12:57:09 +0000  1608221 bytes for ./Payload/BoxLotPortal.app/LaunchImage-800-Portrait-736h@3x.png
copying file ./Payload/BoxLotPortal.app/PkgInfo ... 
2019-02-13 12:57:09 +0000  8 bytes for ./Payload/BoxLotPortal.app/PkgInfo
2019-02-13 12:57:09 +0000  
2019-02-13 12:57:09 +0000  2019-02-13 12:57:09 +0000  /usr/bin/ditto exited with 0

2019-02-13 12:57:09 +0000  
2019-02-13 12:57:09 +0000  Processing step: IDEDistributionCreateManifestStep
